#
# There is insufficient memory for the Java Runtime Environment to continue.
# Native memory allocation (mmap) failed to map 65536 bytes. Error detail: Failed to commit metaspace.
# Possible reasons:
#   The system is out of physical RAM or swap space
#   This process is running with CompressedOops enabled, and the Java Heap may be blocking the growth of the native heap
# Possible solutions:
#   Reduce memory load on the system
#   Increase physical memory or swap space
#   Check if swap backing store is full
#   Decrease Java heap size (-Xmx/-Xms)
#   Decrease number of Java threads
#   Decrease Java thread stack sizes (-Xss)
#   Set larger code cache with -XX:ReservedCodeCacheSize=
#   JVM is running with Zero Based Compressed Oops mode in which the Java heap is
#     placed in the first 32GB address space. The Java Heap base address is the
#     maximum limit for the native heap growth. Please use -XX:HeapBaseMinAddress
#     to set the Java Heap base and to place the Java Heap above 32GB virtual address.
# This output file may be truncated or incomplete.
#
#  Out of Memory Error (virtualSpaceNode.cpp:112), pid=25872, tid=14580
#
# JRE version: OpenJDK Runtime Environment (22.0.2+9) (build 22.0.2+9-70)
# Java VM: OpenJDK 64-Bit Server VM (22.0.2+9-70, mixed mode, sharing, tiered, compressed oops, compressed class ptrs, g1 gc, windows-amd64)
# No core dump will be written. Minidumps are not enabled by default on client versions of Windows
#

---------------  S U M M A R Y ------------

Command Line: -javaagent:F:\ide\IntelliJ IDEA 2023.2.5\lib\idea_rt.jar=56464:F:\ide\IntelliJ IDEA 2023.2.5\bin -Dfile.encoding=UTF-8 -Dsun.stdout.encoding=UTF-8 -Dsun.stderr.encoding=UTF-8 main.Main

Host: AMD Ryzen 5 3600 6-Core Processor              , 12 cores, 15G,  Windows 11 , 64 bit Build 22621 (10.0.22621.3958)
Time: Sat Aug 31 18:34:24 2024 FLE Daylight Time elapsed time: 0.319932 seconds (0d 0h 0m 0s)

---------------  T H R E A D  ---------------

Current thread (0x0000017ac63b0f40):  JavaThread "main"             [_thread_in_vm, id=14580, stack(0x0000003d62e00000,0x0000003d62f00000) (1024K)]

Stack: [0x0000003d62e00000,0x0000003d62f00000]
Native frames: (J=compiled Java code, j=interpreted, Vv=VM code, C=native code)
V  [jvm.dll+0x6e26e9]  (no source info available)
V  [jvm.dll+0x875753]  (no source info available)
V  [jvm.dll+0x877b7e]  (no source info available)
V  [jvm.dll+0x878253]  (no source info available)
V  [jvm.dll+0x27fc86]  (no source info available)
V  [jvm.dll+0x87139e]  (no source info available)
V  [jvm.dll+0x685755]  (no source info available)
V  [jvm.dll+0x1e3cdc]  (no source info available)
V  [jvm.dll+0x1e3aae]  (no source info available)
V  [jvm.dll+0x6880a8]  (no source info available)
V  [jvm.dll+0x224f6c]  (no source info available)
V  [jvm.dll+0x68616e]  (no source info available)
V  [jvm.dll+0x26b056]  (no source info available)
V  [jvm.dll+0x215bb7]  (no source info available)
V  [jvm.dll+0x20b3ae]  (no source info available)
V  [jvm.dll+0x5c4a8f]  (no source info available)
V  [jvm.dll+0x7ec9bd]  (no source info available)
V  [jvm.dll+0x47d622]  (no source info available)
V  [jvm.dll+0x490c06]  (no source info available)
C  [java.dll+0x164f]  (no source info available)
C  0x0000017ad766cfc7  (no source info available)

The last pc belongs to native method entry point (kind = native) (printed below).
Java frames: (J=compiled Java code, j=interpreted, Vv=VM code)
j  java.lang.ClassLoader.defineClass0(Ljava/lang/ClassLoader;Ljava/lang/Class;Ljava/lang/String;[BIILjava/security/ProtectionDomain;ZILjava/lang/Object;)Ljava/lang/Class;+0 java.base@22.0.2
j  java.lang.System$2.defineClass(Ljava/lang/ClassLoader;Ljava/lang/Class;Ljava/lang/String;[BLjava/security/ProtectionDomain;ZILjava/lang/Object;)Ljava/lang/Class;+17 java.base@22.0.2
j  java.lang.invoke.MethodHandles$Lookup$ClassDefiner.defineClass(ZLjava/lang/Object;)Ljava/lang/Class;+57 java.base@22.0.2
j  java.lang.invoke.InvokerBytecodeGenerator.loadMethod([B)Ljava/lang/invoke/MemberName;+22 java.base@22.0.2
j  java.lang.invoke.InvokerBytecodeGenerator.generateCustomizedCode(Ljava/lang/invoke/LambdaForm;Ljava/lang/invoke/MethodType;)Ljava/lang/invoke/MemberName;+30 java.base@22.0.2
j  java.lang.invoke.LambdaForm.compileToBytecode()V+69 java.base@22.0.2
j  java.lang.invoke.DirectMethodHandle.makePreparedLambdaForm(Ljava/lang/invoke/MethodType;I)Ljava/lang/invoke/LambdaForm;+750 java.base@22.0.2
j  java.lang.invoke.DirectMethodHandle.preparedLambdaForm(Ljava/lang/invoke/MethodType;I)Ljava/lang/invoke/LambdaForm;+17 java.base@22.0.2
j  java.lang.invoke.DirectMethodHandle.preparedLambdaForm(Ljava/lang/invoke/MemberName;Z)Ljava/lang/invoke/LambdaForm;+159 java.base@22.0.2
j  java.lang.invoke.DirectMethodHandle.preparedLambdaForm(Ljava/lang/invoke/MemberName;)Ljava/lang/invoke/LambdaForm;+2 java.base@22.0.2
j  java.lang.invoke.DirectMethodHandle.makeAllocator(Ljava/lang/Class;Ljava/lang/invoke/MemberName;)Ljava/lang/invoke/DirectMethodHandle;+79 java.base@22.0.2
j  java.lang.invoke.DirectMethodHandle.make(Ljava/lang/invoke/MemberName;)Ljava/lang/invoke/DirectMethodHandle;+12 java.base@22.0.2
j  java.lang.invoke.MethodHandles$Lookup.getDirectConstructorCommon(Ljava/lang/Class;Ljava/lang/invoke/MemberName;Z)Ljava/lang/invoke/MethodHandle;+61 java.base@22.0.2
j  java.lang.invoke.MethodHandles$Lookup.getDirectConstructor(Ljava/lang/Class;Ljava/lang/invoke/MemberName;)Ljava/lang/invoke/MethodHandle;+6 java.base@22.0.2
j  java.lang.invoke.MethodHandles$Lookup.findConstructor(Ljava/lang/Class;Ljava/lang/invoke/MethodType;)Ljava/lang/invoke/MethodHandle;+57 java.base@22.0.2
j  java.lang.invoke.InnerClassLambdaMetafactory.buildCallSite()Ljava/lang/invoke/CallSite;+67 java.base@22.0.2
j  java.lang.invoke.LambdaMetafactory.metafactory(Ljava/lang/invoke/MethodHandles$Lookup;Ljava/lang/String;Ljava/lang/invoke/MethodType;Ljava/lang/invoke/MethodType;Ljava/lang/invoke/MethodHandle;Ljava/lang/invoke/MethodType;)Ljava/lang/invoke/CallSite;+67 java.base@22.0.2
j  java.lang.invoke.DirectMethodHandle$Holder.invokeStatic(Ljava/lang/Object;Ljava/lang/Object;Ljava/lang/Object;Ljava/lang/Object;Ljava/lang/Object;Ljava/lang/Object;Ljava/lang/Object;)Ljava/lang/Object;+20 java.base@22.0.2
j  java.lang.invoke.Invokers$Holder.invokeExact_MT(Ljava/lang/Object;Ljava/lang/Object;Ljava/lang/Object;Ljava/lang/Object;Ljava/lang/Object;Ljava/lang/Object;Ljava/lang/Object;Ljava/lang/Object;)Ljava/lang/Object;+28 java.base@22.0.2
j  java.lang.invoke.BootstrapMethodInvoker.invoke(Ljava/lang/Class;Ljava/lang/invoke/MethodHandle;Ljava/lang/String;Ljava/lang/Object;Ljava/lang/Object;Ljava/lang/Class;)Ljava/lang/Object;+319 java.base@22.0.2
j  java.lang.invoke.CallSite.makeSite(Ljava/lang/invoke/MethodHandle;Ljava/lang/String;Ljava/lang/invoke/MethodType;Ljava/lang/Object;Ljava/lang/Class;)Ljava/lang/invoke/CallSite;+8 java.base@22.0.2
j  java.lang.invoke.MethodHandleNatives.linkCallSiteImpl(Ljava/lang/Class;Ljava/lang/invoke/MethodHandle;Ljava/lang/String;Ljava/lang/invoke/MethodType;Ljava/lang/Object;[Ljava/lang/Object;)Ljava/lang/invoke/MemberName;+6 java.base@22.0.2
j  java.lang.invoke.MethodHandleNatives.linkCallSite(Ljava/lang/Object;Ljava/lang/Object;Ljava/lang/Object;Ljava/lang/Object;Ljava/lang/Object;[Ljava/lang/Object;)Ljava/lang/invoke/MemberName;+45 java.base@22.0.2
v  ~StubRoutines::call_stub 0x0000017ad766100d
j  sun.swing.SwingUtilities2.makeIcon(Ljava/lang/Class;Ljava/lang/Class;Ljava/lang/String;Z)Ljava/lang/Object;+4 java.desktop@22.0.2
j  sun.swing.SwingUtilities2.makeIcon(Ljava/lang/Class;Ljava/lang/Class;Ljava/lang/String;)Ljava/lang/Object;+4 java.desktop@22.0.2
j  javax.swing.plaf.basic.BasicLookAndFeel.initComponentDefaults(Ljavax/swing/UIDefaults;)V+414 java.desktop@22.0.2
j  javax.swing.plaf.metal.MetalLookAndFeel.initComponentDefaults(Ljavax/swing/UIDefaults;)V+2 java.desktop@22.0.2
j  javax.swing.plaf.basic.BasicLookAndFeel.getDefaults()Ljavax/swing/UIDefaults;+25 java.desktop@22.0.2
j  javax.swing.plaf.metal.MetalLookAndFeel.getDefaults()Ljavax/swing/UIDefaults;+9 java.desktop@22.0.2
j  javax.swing.UIManager.setLookAndFeel(Ljavax/swing/LookAndFeel;)V+66 java.desktop@22.0.2
j  javax.swing.UIManager.setLookAndFeel(Ljava/lang/String;)V+16 java.desktop@22.0.2
j  javax.swing.UIManager.initializeDefaultLAF(Ljava/util/Properties;)V+58 java.desktop@22.0.2
j  javax.swing.UIManager.initialize()V+9 java.desktop@22.0.2
j  javax.swing.UIManager.maybeInitialize()V+22 java.desktop@22.0.2
j  javax.swing.UIManager.getUI(Ljavax/swing/JComponent;)Ljavax/swing/plaf/ComponentUI;+0 java.desktop@22.0.2
j  javax.swing.JPanel.updateUI()V+2 java.desktop@22.0.2
j  javax.swing.JPanel.<init>(Ljava/awt/LayoutManager;Z)V+24 java.desktop@22.0.2
j  javax.swing.JPanel.<init>(Z)V+9 java.desktop@22.0.2
j  javax.swing.JPanel.<init>()V+2 java.desktop@22.0.2
j  javax.swing.JRootPane.createGlassPane()Ljava/awt/Component;+4 java.desktop@22.0.2
j  javax.swing.JRootPane.<init>()V+11 java.desktop@22.0.2
j  javax.swing.JFrame.createRootPane()Ljavax/swing/JRootPane;+4 java.desktop@22.0.2
j  javax.swing.JFrame.frameInit()V+16 java.desktop@22.0.2
j  javax.swing.JFrame.<init>(Ljava/lang/String;)V+21 java.desktop@22.0.2
j  main.Main.main([Ljava/lang/String;)V+6
v  ~StubRoutines::call_stub 0x0000017ad766100d
native method entry point (kind = native)  [0x0000017ad766cba0, 0x0000017ad766d6c0]  2848 bytes
[MachCode]
  0x0000017ad766cba0: 488b 4b08 | 0fb7 492e | 584c 8d74 | ccf8 6800 | 0000 0068 | 0000 0000 | 5055 488b | ec41 5568 
  0x0000017ad766cbc0: 0000 0000 | 4c8b 6b08 | 4d8d 6d38 | 5348 8b53 | 0848 8b52 | 0848 8b52 | 1848 8b52 | 7048 8b12 
  0x0000017ad766cbe0: 5248 8b53 | 1048 85d2 | 0f84 0700 | 0000 4881 | c210 0100 | 0052 488b | 5308 488b | 5208 488b 
  0x0000017ad766cc00: 5210 5249 | 8bc6 482b | c548 c1e8 | 0350 6800 | 0000 0068 | f7ff ffff | 41c6 8781 | 0400 0001 
  0x0000017ad766cc20: 488b 4310 | 4885 c074 | 208b 88cc | 0000 0083 | c102 8988 | cc00 0000 | 2388 e000 | 0000 0f84 
  0x0000017ad766cc40: cb09 0000 | e9cf 0000 | 0048 8b43 | 1848 85c0 | 0f85 b000 | 0000 e805 | 0000 00e9 | 9900 0000 
  0x0000017ad766cc60: 488b d348 | 8d44 2408 | 4c89 6dc0 | 498b cfc5 | f877 4989 | afb0 0300 | 0049 8987 | a003 0000 
  0x0000017ad766cc80: 4883 ec20 | 40f6 c40f | 0f84 1900 | 0000 4883 | ec08 48b8 | 00a7 2d6a | fa7f 0000 | ffd0 4883 
  0x0000017ad766cca0: c408 e90c | 0000 0048 | b800 a72d | 6afa 7f00 | 00ff d048 | 83c4 2049 | c787 a003 | 0000 0000 
  0x0000017ad766ccc0: 0000 49c7 | 87b0 0300 | 0000 0000 | 0049 c787 | a803 0000 | 0000 0000 | c5f8 7749 | 837f 0800 
  0x0000017ad766cce0: 0f84 0500 | 0000 e915 | 42ff ff4c | 8b6d c04c | 8b75 c84e | 8d74 f500 | c348 8b43 | 1848 85c0 
  0x0000017ad766cd00: 0f84 1200 | 0000 8b48 | 0883 c102 | 8948 0823 | 481c 0f84 | f708 0000 | 493b a7f0 | 0400 000f 
  0x0000017ad766cd20: 8748 0000 | 0089 8424 | 00f0 ffff | 8984 2400 | e0ff ff89 | 8424 00d0 | ffff 8984 | 2400 c0ff 
  0x0000017ad766cd40: ff89 8424 | 00b0 ffff | 8984 2400 | a0ff ff89 | 8424 0090 | ffff 8984 | 2400 80ff | ff49 3ba7 
  0x0000017ad766cd60: e804 0000 | 7607 4989 | a7f0 0400 | 0041 c687 | 8104 0000 | 0049 ba6c | 40b4 6afa | 7f00 0041 
  0x0000017ad766cd80: 803a 000f | 843e 0000 | 0048 8b55 | e849 8bcf | 4883 ec20 | 40f6 c40f | 0f84 1900 | 0000 4883 
  0x0000017ad766cda0: ec08 48b8 | 80b9 646a | fa7f 0000 | ffd0 4883 | c408 e90c | 0000 0048 | b880 b964 | 6afa 7f00 
  0x0000017ad766cdc0: 00ff d048 | 83c4 2048 | 8b5d e84c | 8b5b 0845 | 0fb7 5b2e | 41c1 e303 | 492b e348 | 83ec 2048 
  0x0000017ad766cde0: 83e4 f04c | 8b5b 604d | 85db 0f85 | ab00 0000 | e805 0000 | 00e9 9900 | 0000 488b | d348 8d44 
  0x0000017ad766ce00: 2408 4c89 | 6dc0 498b | cfc5 f877 | 4989 afb0 | 0300 0049 | 8987 a003 | 0000 4883 | ec20 40f6 
  0x0000017ad766ce20: c40f 0f84 | 1900 0000 | 4883 ec08 | 48b8 20ce | 2d6a fa7f | 0000 ffd0 | 4883 c408 | e90c 0000 
  0x0000017ad766ce40: 0048 b820 | ce2d 6afa | 7f00 00ff | d048 83c4 | 2049 c787 | a003 0000 | 0000 0000 | 49c7 87b0 
  0x0000017ad766ce60: 0300 0000 | 0000 0049 | c787 a803 | 0000 0000 | 0000 c5f8 | 7749 837f | 0800 0f84 | 0500 0000 
  0x0000017ad766ce80: e97b 40ff | ff4c 8b6d | c04c 8b75 | c84e 8d74 | f500 c348 | 8b5d e84c | 8b5b 6041 | ffd3 488b 
  0x0000017ad766cea0: 5de8 4889 | 4518 448b | 5b28 41f6 | c308 0f84 | 1b00 0000 | 4c8b 5b08 | 4d8b 5b08 | 4d8b 5b18 
  0x0000017ad766cec0: 4d8b 5b70 | 4d8b 1b4c | 895d 1048 | 8d55 1048 | 8b43 5849 | ba80 1065 | 6afa 7f00 | 0049 3bc2 
  0x0000017ad766cee0: 0f85 ab00 | 0000 e805 | 0000 00e9 | 9900 0000 | 488b d348 | 8d44 2408 | 4c89 6dc0 | 498b cfc5 
  0x0000017ad766cf00: f877 4989 | afb0 0300 | 0049 8987 | a003 0000 | 4883 ec20 | 40f6 c40f | 0f84 1900 | 0000 4883 
  0x0000017ad766cf20: ec08 48b8 | 20ce 2d6a | fa7f 0000 | ffd0 4883 | c408 e90c | 0000 0048 | b820 ce2d | 6afa 7f00 
  0x0000017ad766cf40: 00ff d048 | 83c4 2049 | c787 a003 | 0000 0000 | 0000 49c7 | 87b0 0300 | 0000 0000 | 0049 c787 
  0x0000017ad766cf60: a803 0000 | 0000 0000 | c5f8 7749 | 837f 0800 | 0f84 0500 | 0000 e985 | 3fff ff4c | 8b6d c04c 
  0x0000017ad766cf80: 8b75 c84e | 8d74 f500 | c348 8b5d | e848 8b43 | 5849 8d8f | c003 0000 | c5f8 7749 | 89af b003 
  0x0000017ad766cfa0: 0000 49ba | 98cf 66d7 | 7a01 0000 | 4d89 97a8 | 0300 0049 | 89a7 a003 | 0000 41c7 | 8754 0400 
  0x0000017ad766cfc0: 0004 0000 | 00ff d0c5 | f877 4883 | ec10 c5fb | 1104 2448 | 83ec 1048 | 8904 2448 | c744 2408 
  0x0000017ad766cfe0: 0000 0000 | 41c7 8754 | 0400 0005 | 0000 00f0 | 8344 24c0 | 0049 3baf | 5804 0000 | 0f87 0e00 
  0x0000017ad766d000: 0000 4183 | bf50 0400 | 0000 0f84 | 2000 0000 | 498b cf4c | 8be4 4883 | ec20 4883 | e4f0 48b8 
  0x0000017ad766d020: 4023 2f6a | fa7f 0000 | ffd0 498b | e44d 33e4 | 41c7 8754 | 0400 0008 | 0000 0049 | c787 a003 
  0x0000017ad766d040: 0000 0000 | 0000 49c7 | 87b0 0300 | 0000 0000 | 0049 c787 | a803 0000 | 0000 0000 | c5f8 774d 
  0x0000017ad766d060: 8b9f 3004 | 0000 41c7 | 8300 0100 | 0000 0000 | 0049 bb1a | a566 d77a | 0100 004c | 3b5d 180f 
  0x0000017ad766d080: 8524 0200 | 0048 8b04 | 2448 83c4 | 1048 85c0 | 0f84 fe01 | 0000 a803 | 0f85 0800 | 0000 488b 
  0x0000017ad766d0a0: 00e9 ee01 | 0000 a801 | 0f85 0900 | 0000 488b | 40fe e9dd | 0100 0048 | 8b40 ff41 | 807f 3800 
  0x0000017ad766d0c0: 0f84 ce01 | 0000 4883 | f800 0f84 | c401 0000 | 4d8b 5f28 | 4983 fb00 | 0f84 1400 | 0000 4983 
  0x0000017ad766d0e0: eb08 4d89 | 5f28 4d03 | 5f30 4989 | 03e9 a201 | 0000 4881 | ecd0 0000 | 0048 8904 | 2448 894c 
  0x0000017ad766d100: 2408 4889 | 5424 1048 | 8974 2418 | 4889 7c24 | 204c 8944 | 2428 4c89 | 4c24 304c | 8954 2438 
  0x0000017ad766d120: 4c89 5c24 | 40c5 fb11 | 4424 50c5 | fb11 4c24 | 58c5 fb11 | 5424 60c5 | fb11 5c24 | 68c5 fb11 
  0x0000017ad766d140: 6424 70c5 | fb11 6c24 | 78c5 fb11 | b424 8000 | 0000 c5fb | 11bc 2488 | 0000 00c5 | 7b11 8424 
  0x0000017ad766d160: 9000 0000 | c57b 118c | 2498 0000 | 00c5 7b11 | 9424 a000 | 0000 c57b | 119c 24a8 | 0000 00c5 
  0x0000017ad766d180: 7b11 a424 | b000 0000 | c57b 11ac | 24b8 0000 | 00c5 7b11 | b424 c000 | 0000 c57b | 11bc 24c8 
  0x0000017ad766d1a0: 0000 0049 | 8bd7 488b | c848 83ec | 2040 f6c4 | 0f0f 8419 | 0000 0048 | 83ec 0848 | b830 3f22 
  0x0000017ad766d1c0: 6afa 7f00 | 00ff d048 | 83c4 08e9 | 0c00 0000 | 48b8 303f | 226a fa7f | 0000 ffd0 | 4883 c420 
  0x0000017ad766d1e0: c57b 10bc | 24c8 0000 | 00c5 7b10 | b424 c000 | 0000 c57b | 10ac 24b8 | 0000 00c5 | 7b10 a424 
  0x0000017ad766d200: b000 0000 | c57b 109c | 24a8 0000 | 00c5 7b10 | 9424 a000 | 0000 c57b | 108c 2498 | 0000 00c5 
  0x0000017ad766d220: 7b10 8424 | 9000 0000 | c5fb 10bc | 2488 0000 | 00c5 fb10 | b424 8000 | 0000 c5fb | 106c 2478 
  0x0000017ad766d240: c5fb 1064 | 2470 c5fb | 105c 2468 | c5fb 1054 | 2460 c5fb | 104c 2458 | c5fb 1044 | 2450 4c8b 
  0x0000017ad766d260: 5c24 404c | 8b54 2438 | 4c8b 4c24 | 304c 8b44 | 2428 488b | 7c24 2048 | 8b74 2418 | 488b 5424 
  0x0000017ad766d280: 1048 8b4c | 2408 488b | 0424 4881 | c4d0 0000 | 00c5 f877 | 4889 4510 | 4883 ec10 | 4889 0424 
  0x0000017ad766d2a0: 48c7 4424 | 0800 0000 | 0041 83bf | d004 0000 | 020f 85bf | 0000 0048 | 81ec 8000 | 0000 4889 
  0x0000017ad766d2c0: 4424 7848 | 894c 2470 | 4889 5424 | 6848 895c | 2460 4889 | 6c24 5048 | 8974 2448 | 4889 7c24 
  0x0000017ad766d2e0: 404c 8944 | 2438 4c89 | 4c24 304c | 8954 2428 | 4c89 5c24 | 204c 8964 | 2418 4c89 | 6c24 104c 
  0x0000017ad766d300: 8974 2408 | 4c89 3c24 | 4c8b e448 | 83ec 2048 | 83e4 f048 | b8d0 f164 | 6afa 7f00 | 00ff d049 
  0x0000017ad766d320: 8be4 4c8b | 3c24 4c8b | 7424 084c | 8b6c 2410 | 4c8b 6424 | 184c 8b5c | 2420 4c8b | 5424 284c 
  0x0000017ad766d340: 8b4c 2430 | 4c8b 4424 | 3848 8b7c | 2440 488b | 7424 4848 | 8b6c 2450 | 488b 5c24 | 6048 8b54 
  0x0000017ad766d360: 2468 488b | 4c24 7048 | 8b44 2478 | 4881 c480 | 0000 004d | 33e4 488b | 5de8 4c8b | 6b08 4d8d 
  0x0000017ad766d380: 6d38 4983 | 7f08 000f | 84bb 0000 | 00e8 0500 | 0000 e996 | 0000 0048 | 8d44 2408 | 4c89 6dc0 
  0x0000017ad766d3a0: 498b cfc5 | f877 4989 | afb0 0300 | 0049 8987 | a003 0000 | 4883 ec20 | 40f6 c40f | 0f84 1900 
  0x0000017ad766d3c0: 0000 4883 | ec08 48b8 | 60ec 2d6a | fa7f 0000 | ffd0 4883 | c408 e90c | 0000 0048 | b860 ec2d 
  0x0000017ad766d3e0: 6afa 7f00 | 00ff d048 | 83c4 2049 | c787 a003 | 0000 0000 | 0000 49c7 | 87b0 0300 | 0000 0000 
  0x0000017ad766d400: 0049 c787 | a803 0000 | 0000 0000 | c5f8 7749 | 837f 0800 | 0f84 0500 | 0000 e9e1 | 3aff ff4c 
  0x0000017ad766d420: 8b6d c04c | 8b75 c84e | 8d74 f500 | c348 b9b0 | 288c 6afa | 7f00 0048 | 83e4 f048 | b830 9953 
  0x0000017ad766d440: 6afa 7f00 | 00ff d0f4 | 448b 5b28 | 41f6 c320 | 0f84 4401 | 0000 488d | 55a8 4c8b | 5a08 4d85 
  0x0000017ad766d460: db0f 85bb | 0000 00e8 | 0500 0000 | e996 0000 | 0048 8d44 | 2408 4c89 | 6dc0 498b | cfc5 f877 
  0x0000017ad766d480: 4989 afb0 | 0300 0049 | 8987 a003 | 0000 4883 | ec20 40f6 | c40f 0f84 | 1900 0000 | 4883 ec08 
  0x0000017ad766d4a0: 48b8 90eb | 2d6a fa7f | 0000 ffd0 | 4883 c408 | e90c 0000 | 0048 b890 | eb2d 6afa | 7f00 00ff 
  0x0000017ad766d4c0: d048 83c4 | 2049 c787 | a003 0000 | 0000 0000 | 49c7 87b0 | 0300 0000 | 0000 0049 | c787 a803 
  0x0000017ad766d4e0: 0000 0000 | 0000 c5f8 | 7749 837f | 0800 0f84 | 0500 0000 | e907 3aff | ff4c 8b6d | c04c 8b75 
  0x0000017ad766d500: c84e 8d74 | f500 c348 | b9b0 288c | 6afa 7f00 | 0048 83e4 | f048 b830 | 9953 6afa | 7f00 00ff 
  0x0000017ad766d520: d0f4 4c89 | 6dc0 488d | 024c 8b4a | 0848 c742 | 0800 0000 | 004c 8b00 | 4d85 c00f | 840b 0000 
  0x0000017ad766d540: 00f0 4d0f | b101 0f85 | 0c00 0000 | 49ff 8f58 | 0500 00e9 | 3e00 0000 | 4c89 4a08 | 488b ca48 
  0x0000017ad766d560: 83ec 2040 | f6c4 0f0f | 8419 0000 | 0048 83ec | 0848 b820 | be2d 6afa | 7f00 00ff | d048 83c4 
  0x0000017ad766d580: 08e9 0c00 | 0000 48b8 | 20be 2d6a | fa7f 0000 | ffd0 4883 | c420 4c8b | 6dc0 49ba | 6c40 b46a 
  0x0000017ad766d5a0: fa7f 0000 | 4180 3a00 | 0f84 3e00 | 0000 488b | 55e8 498b | cf48 83ec | 2040 f6c4 | 0f0f 8419 
  0x0000017ad766d5c0: 0000 0048 | 83ec 0848 | b880 b964 | 6afa 7f00 | 00ff d048 | 83c4 08e9 | 0c00 0000 | 48b8 80b9 
  0x0000017ad766d5e0: 646a fa7f | 0000 ffd0 | 4883 c420 | 488b 0424 | 4883 c410 | c5fb 1004 | 2448 83c4 | 104c 8b5d 
  0x0000017ad766d600: 1841 ffd3 | 4c8b 5df8 | c95f 498b | e3ff e7ba | 0000 0000 | e805 0000 | 00e9 9600 | 0000 488d 
  0x0000017ad766d620: 4424 084c | 896d c049 | 8bcf c5f8 | 7749 89af | b003 0000 | 4989 87a0 | 0300 0048 | 83ec 2040 
  0x0000017ad766d640: f6c4 0f0f | 8419 0000 | 0048 83ec | 0848 b8e0 | b12d 6afa | 7f00 00ff | d048 83c4 | 08e9 0c00 
  0x0000017ad766d660: 0000 48b8 | e0b1 2d6a | fa7f 0000 | ffd0 4883 | c420 49c7 | 87a0 0300 | 0000 0000 | 0049 c787 
  0x0000017ad766d680: b003 0000 | 0000 0000 | 49c7 87a8 | 0300 0000 | 0000 00c5 | f877 4983 | 7f08 000f | 8405 0000 
  0x0000017ad766d6a0: 00e9 5a38 | ffff 4c8b | 6dc0 4c8b | 75c8 4e8d | 74f5 00c3 | 488b 5de8 | e95b f6ff | ff66 6690 
[/MachCode]

---------------  P R O C E S S  ---------------

Threads class SMR info:
_java_thread_list=0x0000017ac547b420, length=15, elements={
0x0000017ac63b0f40, 0x0000017ae7a9ef30, 0x0000017ae7a9fd50, 0x0000017ae7aa7090,
0x0000017ae7aaa260, 0x0000017ae7aaacc0, 0x0000017ae7aad730, 0x0000017ae7ac2fd0,
0x0000017ac5130090, 0x0000017ac5215350, 0x0000017ac5216700, 0x0000017ac52159e0,
0x0000017ac5216070, 0x0000017ac5214cc0, 0x0000017ac5213910
}

Java Threads: ( => current thread )
=>0x0000017ac63b0f40 JavaThread "main"                              [_thread_in_vm, id=14580, stack(0x0000003d62e00000,0x0000003d62f00000) (1024K)]
  0x0000017ae7a9ef30 JavaThread "Reference Handler"          daemon [_thread_blocked, id=19248, stack(0x0000003d63600000,0x0000003d63700000) (1024K)]
  0x0000017ae7a9fd50 JavaThread "Finalizer"                  daemon [_thread_blocked, id=26220, stack(0x0000003d63700000,0x0000003d63800000) (1024K)]
  0x0000017ae7aa7090 JavaThread "Signal Dispatcher"          daemon [_thread_blocked, id=14052, stack(0x0000003d63800000,0x0000003d63900000) (1024K)]
  0x0000017ae7aaa260 JavaThread "Attach Listener"            daemon [_thread_blocked, id=9072, stack(0x0000003d63900000,0x0000003d63a00000) (1024K)]
  0x0000017ae7aaacc0 JavaThread "Service Thread"             daemon [_thread_blocked, id=4964, stack(0x0000003d63a00000,0x0000003d63b00000) (1024K)]
  0x0000017ae7aad730 JavaThread "Monitor Deflation Thread"   daemon [_thread_blocked, id=10944, stack(0x0000003d63b00000,0x0000003d63c00000) (1024K)]
  0x0000017ae7ac2fd0 JavaThread "C2 CompilerThread0"         daemon [_thread_blocked, id=26148, stack(0x0000003d63c00000,0x0000003d63d00000) (1024K)]
  0x0000017ac5130090 JavaThread "C1 CompilerThread0"         daemon [_thread_blocked, id=15224, stack(0x0000003d63d00000,0x0000003d63e00000) (1024K)]
  0x0000017ac5215350 JavaThread "Common-Cleaner"             daemon [_thread_blocked, id=19188, stack(0x0000003d63e00000,0x0000003d63f00000) (1024K)]
  0x0000017ac5216700 JavaThread "Monitor Ctrl-Break"         daemon [_thread_in_native, id=26028, stack(0x0000003d64000000,0x0000003d64100000) (1024K)]
  0x0000017ac52159e0 JavaThread "Notification Thread"        daemon [_thread_blocked, id=26620, stack(0x0000003d64100000,0x0000003d64200000) (1024K)]
  0x0000017ac5216070 JavaThread "Java2D Disposer"            daemon [_thread_blocked, id=16552, stack(0x0000003d64200000,0x0000003d64300000) (1024K)]
  0x0000017ac5214cc0 JavaThread "AWT-Shutdown"                      [_thread_blocked, id=14548, stack(0x0000003d64300000,0x0000003d64400000) (1024K)]
  0x0000017ac5213910 JavaThread "AWT-Windows"                daemon [_thread_in_native, id=26312, stack(0x0000003d64400000,0x0000003d64500000) (1024K)]
Total: 15

Other Threads:
  0x0000017ae7a87770 VMThread "VM Thread"                           [id=25756, stack(0x0000003d63500000,0x0000003d63600000) (1024K)] _threads_hazard_ptr=0x0000017ac547b420
  0x0000017ae7a69840 WatcherThread "VM Periodic Task Thread"        [id=21784, stack(0x0000003d63400000,0x0000003d63500000) (1024K)]
  0x0000017ac66709d0 WorkerThread "GC Thread#0"                     [id=16736, stack(0x0000003d62f00000,0x0000003d63000000) (1024K)]
  0x0000017ac6681ab0 ConcurrentGCThread "G1 main.Main Marker"            [id=26316, stack(0x0000003d63000000,0x0000003d63100000) (1024K)]
  0x0000017ac6685330 WorkerThread "G1 Conc#0"                       [id=26040, stack(0x0000003d63100000,0x0000003d63200000) (1024K)]
  0x0000017ae792c5e0 ConcurrentGCThread "G1 Refine#0"               [id=7352, stack(0x0000003d63200000,0x0000003d63300000) (1024K)]
  0x0000017ae792d160 ConcurrentGCThread "G1 Service"                [id=19212, stack(0x0000003d63300000,0x0000003d63400000) (1024K)]
Total: 7

Threads with active compile tasks:
Total: 0

VM state: synchronizing (normal execution)

VM Mutex/Monitor currently owned by a thread:  ([mutex/lock_event])
[0x00007ffa6ab6ab00] Metaspace_lock - owner thread: 0x0000017ac63b0f40
[0x00007ffa6ab6cb80] Threads_lock - owner thread: 0x0000017ae7a87770

Heap address: 0x0000000700c00000, size: 4084 MB, Compressed Oops mode: Zero based, Oop shift amount: 3

CDS archive(s) mapped at: [0x0000017a80000000-0x0000017a80c60000-0x0000017a80c60000), size 12976128, SharedBaseAddress: 0x0000017a80000000, ArchiveRelocationMode: 1.
Compressed class space mapped at: 0x0000017a81000000-0x0000017ac1000000, reserved size: 1073741824
Narrow klass base: 0x0000017a80000000, Narrow klass shift: 0, Narrow klass range: 0x41000000

GC Precious Log:
 CardTable entry size: 512
 Card Set container configuration: InlinePtr #cards 4 size 8 Array Of Cards #cards 16 size 48 Howl #buckets 8 coarsen threshold 3686 Howl Bitmap #cards 512 size 80 coarsen threshold 460 Card regions per heap region 1 cards per card region 4096
 CPUs: 12 total, 12 available
 Memory: 16334M
 Large Page Support: Disabled
 NUMA Support: Disabled
 Compressed Oops: Enabled (Zero based)
 Heap Region Size: 2M
 Heap Min Capacity: 8M
 Heap Initial Capacity: 256M
 Heap Max Capacity: 4084M
 Pre-touch: Disabled
 Parallel Workers: 10
 Concurrent Workers: 3
 Concurrent Refinement Workers: 10
 Periodic GC: Disabled

Heap:
 garbage-first heap   total reserved 4182016K, committed 262144K, used 6144K [0x0000000700c00000, 0x0000000800000000)
  region size 2048K, 4 young (8192K), 0 survivors (0K)
 Metaspace       used 3957K, committed 4160K, reserved 1114112K
  class space    used 386K, committed 512K, reserved 1048576K

Heap Regions: E=young(eden), S=young(survivor), O=old, HS=humongous(starts), HC=humongous(continues), CS=collection set, F=free, TAMS=top-at-mark-start, PB=parsable bottom
|   0|0x0000000700c00000, 0x0000000700c00000, 0x0000000700e00000|  0%| F|  |TAMS 0x0000000700c00000| PB 0x0000000700c00000| Untracked |  0
|   1|0x0000000700e00000, 0x0000000700e00000, 0x0000000701000000|  0%| F|  |TAMS 0x0000000700e00000| PB 0x0000000700e00000| Untracked |  0
|   2|0x0000000701000000, 0x0000000701000000, 0x0000000701200000|  0%| F|  |TAMS 0x0000000701000000| PB 0x0000000701000000| Untracked |  0
|   3|0x0000000701200000, 0x0000000701200000, 0x0000000701400000|  0%| F|  |TAMS 0x0000000701200000| PB 0x0000000701200000| Untracked |  0
|   4|0x0000000701400000, 0x0000000701400000, 0x0000000701600000|  0%| F|  |TAMS 0x0000000701400000| PB 0x0000000701400000| Untracked |  0
|   5|0x0000000701600000, 0x0000000701600000, 0x0000000701800000|  0%| F|  |TAMS 0x0000000701600000| PB 0x0000000701600000| Untracked |  0
|   6|0x0000000701800000, 0x0000000701800000, 0x0000000701a00000|  0%| F|  |TAMS 0x0000000701800000| PB 0x0000000701800000| Untracked |  0
|   7|0x0000000701a00000, 0x0000000701a00000, 0x0000000701c00000|  0%| F|  |TAMS 0x0000000701a00000| PB 0x0000000701a00000| Untracked |  0
|   8|0x0000000701c00000, 0x0000000701c00000, 0x0000000701e00000|  0%| F|  |TAMS 0x0000000701c00000| PB 0x0000000701c00000| Untracked |  0
|   9|0x0000000701e00000, 0x0000000701e00000, 0x0000000702000000|  0%| F|  |TAMS 0x0000000701e00000| PB 0x0000000701e00000| Untracked |  0
|  10|0x0000000702000000, 0x0000000702000000, 0x0000000702200000|  0%| F|  |TAMS 0x0000000702000000| PB 0x0000000702000000| Untracked |  0
|  11|0x0000000702200000, 0x0000000702200000, 0x0000000702400000|  0%| F|  |TAMS 0x0000000702200000| PB 0x0000000702200000| Untracked |  0
|  12|0x0000000702400000, 0x0000000702400000, 0x0000000702600000|  0%| F|  |TAMS 0x0000000702400000| PB 0x0000000702400000| Untracked |  0
|  13|0x0000000702600000, 0x0000000702600000, 0x0000000702800000|  0%| F|  |TAMS 0x0000000702600000| PB 0x0000000702600000| Untracked |  0
|  14|0x0000000702800000, 0x0000000702800000, 0x0000000702a00000|  0%| F|  |TAMS 0x0000000702800000| PB 0x0000000702800000| Untracked |  0
|  15|0x0000000702a00000, 0x0000000702a00000, 0x0000000702c00000|  0%| F|  |TAMS 0x0000000702a00000| PB 0x0000000702a00000| Untracked |  0
|  16|0x0000000702c00000, 0x0000000702c00000, 0x0000000702e00000|  0%| F|  |TAMS 0x0000000702c00000| PB 0x0000000702c00000| Untracked |  0
|  17|0x0000000702e00000, 0x0000000702e00000, 0x0000000703000000|  0%| F|  |TAMS 0x0000000702e00000| PB 0x0000000702e00000| Untracked |  0
|  18|0x0000000703000000, 0x0000000703000000, 0x0000000703200000|  0%| F|  |TAMS 0x0000000703000000| PB 0x0000000703000000| Untracked |  0
|  19|0x0000000703200000, 0x0000000703200000, 0x0000000703400000|  0%| F|  |TAMS 0x0000000703200000| PB 0x0000000703200000| Untracked |  0
|  20|0x0000000703400000, 0x0000000703400000, 0x0000000703600000|  0%| F|  |TAMS 0x0000000703400000| PB 0x0000000703400000| Untracked |  0
|  21|0x0000000703600000, 0x0000000703600000, 0x0000000703800000|  0%| F|  |TAMS 0x0000000703600000| PB 0x0000000703600000| Untracked |  0
|  22|0x0000000703800000, 0x0000000703800000, 0x0000000703a00000|  0%| F|  |TAMS 0x0000000703800000| PB 0x0000000703800000| Untracked |  0
|  23|0x0000000703a00000, 0x0000000703a00000, 0x0000000703c00000|  0%| F|  |TAMS 0x0000000703a00000| PB 0x0000000703a00000| Untracked |  0
|  24|0x0000000703c00000, 0x0000000703c00000, 0x0000000703e00000|  0%| F|  |TAMS 0x0000000703c00000| PB 0x0000000703c00000| Untracked |  0
|  25|0x0000000703e00000, 0x0000000703e00000, 0x0000000704000000|  0%| F|  |TAMS 0x0000000703e00000| PB 0x0000000703e00000| Untracked |  0
|  26|0x0000000704000000, 0x0000000704000000, 0x0000000704200000|  0%| F|  |TAMS 0x0000000704000000| PB 0x0000000704000000| Untracked |  0
|  27|0x0000000704200000, 0x0000000704200000, 0x0000000704400000|  0%| F|  |TAMS 0x0000000704200000| PB 0x0000000704200000| Untracked |  0
|  28|0x0000000704400000, 0x0000000704400000, 0x0000000704600000|  0%| F|  |TAMS 0x0000000704400000| PB 0x0000000704400000| Untracked |  0
|  29|0x0000000704600000, 0x0000000704600000, 0x0000000704800000|  0%| F|  |TAMS 0x0000000704600000| PB 0x0000000704600000| Untracked |  0
|  30|0x0000000704800000, 0x0000000704800000, 0x0000000704a00000|  0%| F|  |TAMS 0x0000000704800000| PB 0x0000000704800000| Untracked |  0
|  31|0x0000000704a00000, 0x0000000704a00000, 0x0000000704c00000|  0%| F|  |TAMS 0x0000000704a00000| PB 0x0000000704a00000| Untracked |  0
|  32|0x0000000704c00000, 0x0000000704c00000, 0x0000000704e00000|  0%| F|  |TAMS 0x0000000704c00000| PB 0x0000000704c00000| Untracked |  0
|  33|0x0000000704e00000, 0x0000000704e00000, 0x0000000705000000|  0%| F|  |TAMS 0x0000000704e00000| PB 0x0000000704e00000| Untracked |  0
|  34|0x0000000705000000, 0x0000000705000000, 0x0000000705200000|  0%| F|  |TAMS 0x0000000705000000| PB 0x0000000705000000| Untracked |  0
|  35|0x0000000705200000, 0x0000000705200000, 0x0000000705400000|  0%| F|  |TAMS 0x0000000705200000| PB 0x0000000705200000| Untracked |  0
|  36|0x0000000705400000, 0x0000000705400000, 0x0000000705600000|  0%| F|  |TAMS 0x0000000705400000| PB 0x0000000705400000| Untracked |  0
|  37|0x0000000705600000, 0x0000000705600000, 0x0000000705800000|  0%| F|  |TAMS 0x0000000705600000| PB 0x0000000705600000| Untracked |  0
|  38|0x0000000705800000, 0x0000000705800000, 0x0000000705a00000|  0%| F|  |TAMS 0x0000000705800000| PB 0x0000000705800000| Untracked |  0
|  39|0x0000000705a00000, 0x0000000705a00000, 0x0000000705c00000|  0%| F|  |TAMS 0x0000000705a00000| PB 0x0000000705a00000| Untracked |  0
|  40|0x0000000705c00000, 0x0000000705c00000, 0x0000000705e00000|  0%| F|  |TAMS 0x0000000705c00000| PB 0x0000000705c00000| Untracked |  0
|  41|0x0000000705e00000, 0x0000000705e00000, 0x0000000706000000|  0%| F|  |TAMS 0x0000000705e00000| PB 0x0000000705e00000| Untracked |  0
|  42|0x0000000706000000, 0x0000000706000000, 0x0000000706200000|  0%| F|  |TAMS 0x0000000706000000| PB 0x0000000706000000| Untracked |  0
|  43|0x0000000706200000, 0x0000000706200000, 0x0000000706400000|  0%| F|  |TAMS 0x0000000706200000| PB 0x0000000706200000| Untracked |  0
|  44|0x0000000706400000, 0x0000000706400000, 0x0000000706600000|  0%| F|  |TAMS 0x0000000706400000| PB 0x0000000706400000| Untracked |  0
|  45|0x0000000706600000, 0x0000000706600000, 0x0000000706800000|  0%| F|  |TAMS 0x0000000706600000| PB 0x0000000706600000| Untracked |  0
|  46|0x0000000706800000, 0x0000000706800000, 0x0000000706a00000|  0%| F|  |TAMS 0x0000000706800000| PB 0x0000000706800000| Untracked |  0
|  47|0x0000000706a00000, 0x0000000706a00000, 0x0000000706c00000|  0%| F|  |TAMS 0x0000000706a00000| PB 0x0000000706a00000| Untracked |  0
|  48|0x0000000706c00000, 0x0000000706c00000, 0x0000000706e00000|  0%| F|  |TAMS 0x0000000706c00000| PB 0x0000000706c00000| Untracked |  0
|  49|0x0000000706e00000, 0x0000000706e00000, 0x0000000707000000|  0%| F|  |TAMS 0x0000000706e00000| PB 0x0000000706e00000| Untracked |  0
|  50|0x0000000707000000, 0x0000000707000000, 0x0000000707200000|  0%| F|  |TAMS 0x0000000707000000| PB 0x0000000707000000| Untracked |  0
|  51|0x0000000707200000, 0x0000000707200000, 0x0000000707400000|  0%| F|  |TAMS 0x0000000707200000| PB 0x0000000707200000| Untracked |  0
|  52|0x0000000707400000, 0x0000000707400000, 0x0000000707600000|  0%| F|  |TAMS 0x0000000707400000| PB 0x0000000707400000| Untracked |  0
|  53|0x0000000707600000, 0x0000000707600000, 0x0000000707800000|  0%| F|  |TAMS 0x0000000707600000| PB 0x0000000707600000| Untracked |  0
|  54|0x0000000707800000, 0x0000000707800000, 0x0000000707a00000|  0%| F|  |TAMS 0x0000000707800000| PB 0x0000000707800000| Untracked |  0
|  55|0x0000000707a00000, 0x0000000707a00000, 0x0000000707c00000|  0%| F|  |TAMS 0x0000000707a00000| PB 0x0000000707a00000| Untracked |  0
|  56|0x0000000707c00000, 0x0000000707c00000, 0x0000000707e00000|  0%| F|  |TAMS 0x0000000707c00000| PB 0x0000000707c00000| Untracked |  0
|  57|0x0000000707e00000, 0x0000000707e00000, 0x0000000708000000|  0%| F|  |TAMS 0x0000000707e00000| PB 0x0000000707e00000| Untracked |  0
|  58|0x0000000708000000, 0x0000000708000000, 0x0000000708200000|  0%| F|  |TAMS 0x0000000708000000| PB 0x0000000708000000| Untracked |  0
|  59|0x0000000708200000, 0x0000000708200000, 0x0000000708400000|  0%| F|  |TAMS 0x0000000708200000| PB 0x0000000708200000| Untracked |  0
|  60|0x0000000708400000, 0x0000000708400000, 0x0000000708600000|  0%| F|  |TAMS 0x0000000708400000| PB 0x0000000708400000| Untracked |  0
|  61|0x0000000708600000, 0x0000000708600000, 0x0000000708800000|  0%| F|  |TAMS 0x0000000708600000| PB 0x0000000708600000| Untracked |  0
|  62|0x0000000708800000, 0x0000000708800000, 0x0000000708a00000|  0%| F|  |TAMS 0x0000000708800000| PB 0x0000000708800000| Untracked |  0
|  63|0x0000000708a00000, 0x0000000708a00000, 0x0000000708c00000|  0%| F|  |TAMS 0x0000000708a00000| PB 0x0000000708a00000| Untracked |  0
|  64|0x0000000708c00000, 0x0000000708c00000, 0x0000000708e00000|  0%| F|  |TAMS 0x0000000708c00000| PB 0x0000000708c00000| Untracked |  0
|  65|0x0000000708e00000, 0x0000000708e00000, 0x0000000709000000|  0%| F|  |TAMS 0x0000000708e00000| PB 0x0000000708e00000| Untracked |  0
|  66|0x0000000709000000, 0x0000000709000000, 0x0000000709200000|  0%| F|  |TAMS 0x0000000709000000| PB 0x0000000709000000| Untracked |  0
|  67|0x0000000709200000, 0x0000000709200000, 0x0000000709400000|  0%| F|  |TAMS 0x0000000709200000| PB 0x0000000709200000| Untracked |  0
|  68|0x0000000709400000, 0x0000000709400000, 0x0000000709600000|  0%| F|  |TAMS 0x0000000709400000| PB 0x0000000709400000| Untracked |  0
|  69|0x0000000709600000, 0x0000000709600000, 0x0000000709800000|  0%| F|  |TAMS 0x0000000709600000| PB 0x0000000709600000| Untracked |  0
|  70|0x0000000709800000, 0x0000000709800000, 0x0000000709a00000|  0%| F|  |TAMS 0x0000000709800000| PB 0x0000000709800000| Untracked |  0
|  71|0x0000000709a00000, 0x0000000709a00000, 0x0000000709c00000|  0%| F|  |TAMS 0x0000000709a00000| PB 0x0000000709a00000| Untracked |  0
|  72|0x0000000709c00000, 0x0000000709c00000, 0x0000000709e00000|  0%| F|  |TAMS 0x0000000709c00000| PB 0x0000000709c00000| Untracked |  0
|  73|0x0000000709e00000, 0x0000000709e00000, 0x000000070a000000|  0%| F|  |TAMS 0x0000000709e00000| PB 0x0000000709e00000| Untracked |  0
|  74|0x000000070a000000, 0x000000070a000000, 0x000000070a200000|  0%| F|  |TAMS 0x000000070a000000| PB 0x000000070a000000| Untracked |  0
|  75|0x000000070a200000, 0x000000070a200000, 0x000000070a400000|  0%| F|  |TAMS 0x000000070a200000| PB 0x000000070a200000| Untracked |  0
|  76|0x000000070a400000, 0x000000070a400000, 0x000000070a600000|  0%| F|  |TAMS 0x000000070a400000| PB 0x000000070a400000| Untracked |  0
|  77|0x000000070a600000, 0x000000070a600000, 0x000000070a800000|  0%| F|  |TAMS 0x000000070a600000| PB 0x000000070a600000| Untracked |  0
|  78|0x000000070a800000, 0x000000070a800000, 0x000000070aa00000|  0%| F|  |TAMS 0x000000070a800000| PB 0x000000070a800000| Untracked |  0
|  79|0x000000070aa00000, 0x000000070aa00000, 0x000000070ac00000|  0%| F|  |TAMS 0x000000070aa00000| PB 0x000000070aa00000| Untracked |  0
|  80|0x000000070ac00000, 0x000000070ac00000, 0x000000070ae00000|  0%| F|  |TAMS 0x000000070ac00000| PB 0x000000070ac00000| Untracked |  0
|  81|0x000000070ae00000, 0x000000070ae00000, 0x000000070b000000|  0%| F|  |TAMS 0x000000070ae00000| PB 0x000000070ae00000| Untracked |  0
|  82|0x000000070b000000, 0x000000070b000000, 0x000000070b200000|  0%| F|  |TAMS 0x000000070b000000| PB 0x000000070b000000| Untracked |  0
|  83|0x000000070b200000, 0x000000070b200000, 0x000000070b400000|  0%| F|  |TAMS 0x000000070b200000| PB 0x000000070b200000| Untracked |  0
|  84|0x000000070b400000, 0x000000070b400000, 0x000000070b600000|  0%| F|  |TAMS 0x000000070b400000| PB 0x000000070b400000| Untracked |  0
|  85|0x000000070b600000, 0x000000070b600000, 0x000000070b800000|  0%| F|  |TAMS 0x000000070b600000| PB 0x000000070b600000| Untracked |  0
|  86|0x000000070b800000, 0x000000070b800000, 0x000000070ba00000|  0%| F|  |TAMS 0x000000070b800000| PB 0x000000070b800000| Untracked |  0
|  87|0x000000070ba00000, 0x000000070ba00000, 0x000000070bc00000|  0%| F|  |TAMS 0x000000070ba00000| PB 0x000000070ba00000| Untracked |  0
|  88|0x000000070bc00000, 0x000000070bc00000, 0x000000070be00000|  0%| F|  |TAMS 0x000000070bc00000| PB 0x000000070bc00000| Untracked |  0
|  89|0x000000070be00000, 0x000000070be00000, 0x000000070c000000|  0%| F|  |TAMS 0x000000070be00000| PB 0x000000070be00000| Untracked |  0
|  90|0x000000070c000000, 0x000000070c000000, 0x000000070c200000|  0%| F|  |TAMS 0x000000070c000000| PB 0x000000070c000000| Untracked |  0
|  91|0x000000070c200000, 0x000000070c200000, 0x000000070c400000|  0%| F|  |TAMS 0x000000070c200000| PB 0x000000070c200000| Untracked |  0
|  92|0x000000070c400000, 0x000000070c400000, 0x000000070c600000|  0%| F|  |TAMS 0x000000070c400000| PB 0x000000070c400000| Untracked |  0
|  93|0x000000070c600000, 0x000000070c600000, 0x000000070c800000|  0%| F|  |TAMS 0x000000070c600000| PB 0x000000070c600000| Untracked |  0
|  94|0x000000070c800000, 0x000000070c800000, 0x000000070ca00000|  0%| F|  |TAMS 0x000000070c800000| PB 0x000000070c800000| Untracked |  0
|  95|0x000000070ca00000, 0x000000070ca00000, 0x000000070cc00000|  0%| F|  |TAMS 0x000000070ca00000| PB 0x000000070ca00000| Untracked |  0
|  96|0x000000070cc00000, 0x000000070cc00000, 0x000000070ce00000|  0%| F|  |TAMS 0x000000070cc00000| PB 0x000000070cc00000| Untracked |  0
|  97|0x000000070ce00000, 0x000000070ce00000, 0x000000070d000000|  0%| F|  |TAMS 0x000000070ce00000| PB 0x000000070ce00000| Untracked |  0
|  98|0x000000070d000000, 0x000000070d000000, 0x000000070d200000|  0%| F|  |TAMS 0x000000070d000000| PB 0x000000070d000000| Untracked |  0
|  99|0x000000070d200000, 0x000000070d200000, 0x000000070d400000|  0%| F|  |TAMS 0x000000070d200000| PB 0x000000070d200000| Untracked |  0
| 100|0x000000070d400000, 0x000000070d400000, 0x000000070d600000|  0%| F|  |TAMS 0x000000070d400000| PB 0x000000070d400000| Untracked |  0
| 101|0x000000070d600000, 0x000000070d600000, 0x000000070d800000|  0%| F|  |TAMS 0x000000070d600000| PB 0x000000070d600000| Untracked |  0
| 102|0x000000070d800000, 0x000000070d800000, 0x000000070da00000|  0%| F|  |TAMS 0x000000070d800000| PB 0x000000070d800000| Untracked |  0
| 103|0x000000070da00000, 0x000000070da00000, 0x000000070dc00000|  0%| F|  |TAMS 0x000000070da00000| PB 0x000000070da00000| Untracked |  0
| 104|0x000000070dc00000, 0x000000070dc00000, 0x000000070de00000|  0%| F|  |TAMS 0x000000070dc00000| PB 0x000000070dc00000| Untracked |  0
| 105|0x000000070de00000, 0x000000070de00000, 0x000000070e000000|  0%| F|  |TAMS 0x000000070de00000| PB 0x000000070de00000| Untracked |  0
| 106|0x000000070e000000, 0x000000070e000000, 0x000000070e200000|  0%| F|  |TAMS 0x000000070e000000| PB 0x000000070e000000| Untracked |  0
| 107|0x000000070e200000, 0x000000070e200000, 0x000000070e400000|  0%| F|  |TAMS 0x000000070e200000| PB 0x000000070e200000| Untracked |  0
| 108|0x000000070e400000, 0x000000070e400000, 0x000000070e600000|  0%| F|  |TAMS 0x000000070e400000| PB 0x000000070e400000| Untracked |  0
| 109|0x000000070e600000, 0x000000070e600000, 0x000000070e800000|  0%| F|  |TAMS 0x000000070e600000| PB 0x000000070e600000| Untracked |  0
| 110|0x000000070e800000, 0x000000070e800000, 0x000000070ea00000|  0%| F|  |TAMS 0x000000070e800000| PB 0x000000070e800000| Untracked |  0
| 111|0x000000070ea00000, 0x000000070ea00000, 0x000000070ec00000|  0%| F|  |TAMS 0x000000070ea00000| PB 0x000000070ea00000| Untracked |  0
| 112|0x000000070ec00000, 0x000000070ec00000, 0x000000070ee00000|  0%| F|  |TAMS 0x000000070ec00000| PB 0x000000070ec00000| Untracked |  0
| 113|0x000000070ee00000, 0x000000070ee00000, 0x000000070f000000|  0%| F|  |TAMS 0x000000070ee00000| PB 0x000000070ee00000| Untracked |  0
| 114|0x000000070f000000, 0x000000070f000000, 0x000000070f200000|  0%| F|  |TAMS 0x000000070f000000| PB 0x000000070f000000| Untracked |  0
| 115|0x000000070f200000, 0x000000070f200000, 0x000000070f400000|  0%| F|  |TAMS 0x000000070f200000| PB 0x000000070f200000| Untracked |  0
| 116|0x000000070f400000, 0x000000070f400000, 0x000000070f600000|  0%| F|  |TAMS 0x000000070f400000| PB 0x000000070f400000| Untracked |  0
| 117|0x000000070f600000, 0x000000070f600000, 0x000000070f800000|  0%| F|  |TAMS 0x000000070f600000| PB 0x000000070f600000| Untracked |  0
| 118|0x000000070f800000, 0x000000070f800000, 0x000000070fa00000|  0%| F|  |TAMS 0x000000070f800000| PB 0x000000070f800000| Untracked |  0
| 119|0x000000070fa00000, 0x000000070fa00000, 0x000000070fc00000|  0%| F|  |TAMS 0x000000070fa00000| PB 0x000000070fa00000| Untracked |  0
| 120|0x000000070fc00000, 0x000000070fc00000, 0x000000070fe00000|  0%| F|  |TAMS 0x000000070fc00000| PB 0x000000070fc00000| Untracked |  0
| 121|0x000000070fe00000, 0x000000070fe00000, 0x0000000710000000|  0%| F|  |TAMS 0x000000070fe00000| PB 0x000000070fe00000| Untracked |  0
| 122|0x0000000710000000, 0x0000000710000000, 0x0000000710200000|  0%| F|  |TAMS 0x0000000710000000| PB 0x0000000710000000| Untracked |  0
| 123|0x0000000710200000, 0x0000000710200000, 0x0000000710400000|  0%| F|  |TAMS 0x0000000710200000| PB 0x0000000710200000| Untracked |  0
| 124|0x0000000710400000, 0x000000071047b220, 0x0000000710600000| 24%| E|  |TAMS 0x0000000710400000| PB 0x0000000710400000| Complete |  0
| 125|0x0000000710600000, 0x0000000710800000, 0x0000000710800000|100%| E|CS|TAMS 0x0000000710600000| PB 0x0000000710600000| Complete |  0
| 126|0x0000000710800000, 0x0000000710a00000, 0x0000000710a00000|100%| E|CS|TAMS 0x0000000710800000| PB 0x0000000710800000| Complete |  0
| 127|0x0000000710a00000, 0x0000000710c00000, 0x0000000710c00000|100%| E|CS|TAMS 0x0000000710a00000| PB 0x0000000710a00000| Complete |  0

Card table byte_map: [0x0000017ae05b0000,0x0000017ae0db0000] _byte_map_base: 0x0000017adcdaa000

Marking Bits: (CMBitMap*) 0x0000017ac66710e0
 Bits: [0x0000017ae0db0000, 0x0000017ae4d80000)

Polling page: 0x0000017ac66d0000

Metaspace:

Usage:
  Non-class:      3.49 MB used.
      Class:    386.19 KB used.
       Both:      3.86 MB used.

Virtual space:
  Non-class space:       64.00 MB reserved,       3.56 MB (  6%) committed,  1 nodes.
      Class space:        1.00 GB reserved,     512.00 KB ( <1%) committed,  1 nodes.
             Both:        1.06 GB reserved,       4.06 MB ( <1%) committed. 

Chunk freelists:
   Non-Class:  11.87 MB
       Class:  15.56 MB
        Both:  27.43 MB

MaxMetaspaceSize: unlimited
CompressedClassSpaceSize: 1.00 GB
Initial GC threshold: 21.00 MB
Current GC threshold: 21.00 MB
CDS: on
 - commit_granule_bytes: 65536.
 - commit_granule_words: 8192.
 - virtual_space_node_default_size: 8388608.
 - enlarge_chunks_in_place: 1.
 - use_allocation_guard: 0.


Internal statistics:

num_allocs_failed_limit: 0.
num_arena_births: 116.
num_arena_deaths: 0.
num_vsnodes_births: 2.
num_vsnodes_deaths: 0.
num_space_committed: 65.
num_space_uncommitted: 0.
num_chunks_returned_to_freelist: 0.
num_chunks_taken_from_freelist: 139.
num_chunk_merges: 0.
num_chunk_splits: 87.
num_chunks_enlarged: 35.
num_inconsistent_stats: 0.

CodeHeap 'non-profiled nmethods': size=120000Kb used=147Kb max_used=147Kb free=119852Kb
 bounds [0x0000017ad7c00000, 0x0000017ad7e70000, 0x0000017adf130000]
CodeHeap 'profiled nmethods': size=120000Kb used=584Kb max_used=584Kb free=119415Kb
 bounds [0x0000017ad0130000, 0x0000017ad03a0000, 0x0000017ad7660000]
CodeHeap 'non-nmethods': size=5760Kb used=1421Kb max_used=1433Kb free=4338Kb
 bounds [0x0000017ad7660000, 0x0000017ad78d0000, 0x0000017ad7c00000]
 total_blobs=968 nmethods=455 adapters=418
 compilation: enabled
              stopped_count=0, restarted_count=0
 full_count=0

Compilation events (20 events):
Event: 0.241 Thread 0x0000017ac5130090 nmethod 441 0x0000017ad01bc890 code [0x0000017ad01bca80, 0x0000017ad01bd088]
Event: 0.241 Thread 0x0000017ac5130090  440       3       jdk.internal.misc.Unsafe::allocateUninitializedArray (55 bytes)
Event: 0.242 Thread 0x0000017ac5130090 nmethod 440 0x0000017ad01bd290 code [0x0000017ad01bd480, 0x0000017ad01bd8c0]
Event: 0.242 Thread 0x0000017ac5130090  438       3       jdk.internal.org.objectweb.asm.ByteVector::enlarge (73 bytes)
Event: 0.242 Thread 0x0000017ae7ac2fd0  443       4       java.lang.invoke.MethodType::parameterCount (6 bytes)
Event: 0.242 Thread 0x0000017ac5130090 nmethod 438 0x0000017ad01bda90 code [0x0000017ad01bdc60, 0x0000017ad01be030]
Event: 0.242 Thread 0x0000017ac5130090  442       3       java.lang.invoke.DirectMethodHandle::internalMemberName (8 bytes)
Event: 0.242 Thread 0x0000017ac5130090 nmethod 442 0x0000017ad01be190 code [0x0000017ad01be320, 0x0000017ad01be4f0]
Event: 0.242 Thread 0x0000017ac5130090  444       3       java.lang.invoke.MethodHandleNatives::refKindIsField (32 bytes)
Event: 0.242 Thread 0x0000017ae7ac2fd0 nmethod 443 0x0000017ad7c24010 code [0x0000017ad7c24180, 0x0000017ad7c24220]
Event: 0.242 Thread 0x0000017ac5130090 nmethod 444 0x0000017ad01be590 code [0x0000017ad01be720, 0x0000017ad01be870]
Event: 0.242 Thread 0x0000017ac5130090  445       3       jdk.internal.org.objectweb.asm.SymbolTable::addConstantNameAndType (137 bytes)
Event: 0.242 Thread 0x0000017ac5130090 nmethod 445 0x0000017ad01be910 code [0x0000017ad01beb60, 0x0000017ad01bf278]
Event: 0.243 Thread 0x0000017ac5130090  446       3       jdk.internal.org.objectweb.asm.SymbolTable$Entry::<init> (20 bytes)
Event: 0.243 Thread 0x0000017ac5130090 nmethod 446 0x0000017ad01bf690 code [0x0000017ad01bf840, 0x0000017ad01bf998]
Event: 0.243 Thread 0x0000017ac5130090  448       3       java.lang.invoke.MethodHandles$Lookup::isClassAccessible (53 bytes)
Event: 0.243 Thread 0x0000017ac5130090 nmethod 448 0x0000017ad01bfa90 code [0x0000017ad01bfca0, 0x0000017ad01c0250]
Event: 0.243 Thread 0x0000017ac5130090  450       3       jdk.internal.util.ArraysSupport::mismatch (103 bytes)
Event: 0.243 Thread 0x0000017ac5130090 nmethod 450 0x0000017ad01c0490 code [0x0000017ad01c0660, 0x0000017ad01c0a68]
Event: 0.244 Thread 0x0000017ac5130090  453       3       jdk.internal.org.objectweb.asm.Attribute::computeAttributesSize (62 bytes)

GC Heap History (0 events):
No events

Dll operation events (11 events):
Event: 0.007 Loaded shared library C:\Users\bogda\.jdks\openjdk-22.0.2\bin\java.dll
Event: 0.029 Loaded shared library C:\Users\bogda\.jdks\openjdk-22.0.2\bin\jsvml.dll
Event: 0.062 Loaded shared library C:\Users\bogda\.jdks\openjdk-22.0.2\bin\zip.dll
Event: 0.064 Loaded shared library C:\Users\bogda\.jdks\openjdk-22.0.2\bin\instrument.dll
Event: 0.068 Loaded shared library C:\Users\bogda\.jdks\openjdk-22.0.2\bin\net.dll
Event: 0.069 Loaded shared library C:\Users\bogda\.jdks\openjdk-22.0.2\bin\nio.dll
Event: 0.072 Loaded shared library C:\Users\bogda\.jdks\openjdk-22.0.2\bin\zip.dll
Event: 0.079 Loaded shared library F:\ide\IntelliJ IDEA 2023.2.5\bin\breakgen64.dll
Event: 0.087 Loaded shared library C:\Users\bogda\.jdks\openjdk-22.0.2\bin\extnet.dll
Event: 0.089 Loaded shared library C:\Users\bogda\.jdks\openjdk-22.0.2\bin\jimage.dll
Event: 0.101 Loaded shared library C:\Users\bogda\.jdks\openjdk-22.0.2\bin\awt.dll

Deoptimization events (8 events):
Event: 0.080 Thread 0x0000017ac63b0f40 Uncommon trap: trap_request=0xffffff45 fr.pc=0x0000017ad7c129ec relative=0x000000000000006c
Event: 0.080 Thread 0x0000017ac63b0f40 Uncommon trap: reason=unstable_if action=reinterpret pc=0x0000017ad7c129ec method=java.lang.String.isLatin1()Z @ 10 c2
Event: 0.080 Thread 0x0000017ac63b0f40 DEOPT PACKING pc=0x0000017ad7c129ec sp=0x0000003d62efe960
Event: 0.080 Thread 0x0000017ac63b0f40 DEOPT UNPACKING pc=0x0000017ad76b46a2 sp=0x0000003d62efe8f0 mode 2
Event: 0.080 Thread 0x0000017ac63b0f40 Uncommon trap: trap_request=0xffffff45 fr.pc=0x0000017ad7c11464 relative=0x00000000000000c4
Event: 0.080 Thread 0x0000017ac63b0f40 Uncommon trap: reason=unstable_if action=reinterpret pc=0x0000017ad7c11464 method=java.lang.String.isLatin1()Z @ 10 c2
Event: 0.080 Thread 0x0000017ac63b0f40 DEOPT PACKING pc=0x0000017ad7c11464 sp=0x0000003d62eff320
Event: 0.081 Thread 0x0000017ac63b0f40 DEOPT UNPACKING pc=0x0000017ad76b46a2 sp=0x0000003d62eff260 mode 2

Classes loaded (20 events):
Event: 0.240 Loading class sun/swing/PrintColorUIResource
Event: 0.240 Loading class sun/swing/PrintColorUIResource done
Event: 0.240 Loading class javax/swing/plaf/metal/DefaultMetalTheme$FontDelegate
Event: 0.240 Loading class javax/swing/plaf/metal/DefaultMetalTheme$FontDelegate done
Event: 0.240 Loading class javax/swing/plaf/FontUIResource
Event: 0.240 Loading class javax/swing/plaf/FontUIResource done
Event: 0.240 Loading class javax/swing/UIDefaults$LazyValue
Event: 0.240 Loading class javax/swing/UIDefaults$LazyValue done
Event: 0.241 Loading class javax/swing/UIDefaults$ActiveValue
Event: 0.241 Loading class javax/swing/UIDefaults$ActiveValue done
Event: 0.241 Loading class javax/swing/plaf/InsetsUIResource
Event: 0.241 Loading class javax/swing/plaf/InsetsUIResource done
Event: 0.242 Loading class javax/swing/plaf/BorderUIResource$EmptyBorderUIResource
Event: 0.242 Loading class javax/swing/border/EmptyBorder
Event: 0.242 Loading class javax/swing/border/AbstractBorder
Event: 0.242 Loading class javax/swing/border/Border
Event: 0.242 Loading class javax/swing/border/Border done
Event: 0.242 Loading class javax/swing/border/AbstractBorder done
Event: 0.242 Loading class javax/swing/border/EmptyBorder done
Event: 0.242 Loading class javax/swing/plaf/BorderUIResource$EmptyBorderUIResource done

Classes unloaded (0 events):
No events

Classes redefined (0 events):
No events

Internal exceptions (8 events):
Event: 0.072 Thread 0x0000017ac63b0f40 Exception <a 'java/lang/NoSuchMethodError'{0x0000000710924c38}: 'void java.lang.invoke.DirectMethodHandle$Holder.invokeStatic(java.lang.Object, java.lang.Object, java.lang.Object)'> (0x0000000710924c38) 
thrown [s\open\src\hotspot\share\interpreter\linkResolver.cpp, line 774]
Event: 0.076 Thread 0x0000017ac63b0f40 Exception <a 'java/lang/NoSuchMethodError'{0x000000071093c6d0}: 'java.lang.Object java.lang.invoke.Invokers$Holder.invokeExact_MT(java.lang.Object, java.lang.Object, java.lang.Object, java.lang.Object, java.lang.Object)'> (0x000000071093c6d0) 
thrown [s\open\src\hotspot\share\interpreter\linkResolver.cpp, line 774]
Event: 0.089 Thread 0x0000017ac5216700 Exception <a 'java/lang/NoSuchMethodError'{0x00000007109799b8}: 'void java.lang.invoke.DirectMethodHandle$Holder.invokeStatic(java.lang.Object, java.lang.Object)'> (0x00000007109799b8) 
thrown [s\open\src\hotspot\share\interpreter\linkResolver.cpp, line 774]
Event: 0.093 Thread 0x0000017ac63b0f40 Exception <a 'java/lang/ClassNotFoundException'{0x00000007109593c0}: sun/awt/resources/spi/awtProvider> (0x00000007109593c0) 
thrown [s\open\src\hotspot\share\classfile\systemDictionary.cpp, line 313]
Event: 0.108 Thread 0x0000017ac63b0f40 Exception <a 'java/io/FileNotFoundException'{0x0000000710625698}> (0x0000000710625698) 
thrown [s\open\src\hotspot\share\prims\jni.cpp, line 520]
Event: 0.114 Thread 0x0000017ac63b0f40 Exception <a 'java/io/FileNotFoundException'{0x0000000710653700}> (0x0000000710653700) 
thrown [s\open\src\hotspot\share\prims\jni.cpp, line 520]
Event: 0.238 Thread 0x0000017ac63b0f40 Exception <a 'java/lang/NoSuchMethodError'{0x00000007106e20c0}: 'void java.lang.invoke.DirectMethodHandle$Holder.invokeSpecial(java.lang.Object, java.lang.Object, java.lang.Object)'> (0x00000007106e20c0) 
thrown [s\open\src\hotspot\share\interpreter\linkResolver.cpp, line 774]
Event: 0.242 Thread 0x0000017ac63b0f40 Exception <a 'java/lang/NoSuchMethodError'{0x00000007107fdd08}: 'java.lang.Object java.lang.invoke.DirectMethodHandle$Holder.newInvokeSpecial(java.lang.Object, java.lang.Object, java.lang.Object, java.lang.Object, java.lang.Object)'> (0x00000007107fdd08) 
thrown [s\open\src\hotspot\share\interpreter\linkResolver.cpp, line 774]

ZGC Phase Switch (0 events):
No events

VM Operations (4 events):
Event: 0.050 Executing VM operation: HandshakeAllThreads (Deoptimize)
Event: 0.050 Executing VM operation: HandshakeAllThreads (Deoptimize) done
Event: 0.120 Executing VM operation: HandshakeAllThreads (Deoptimize)
Event: 0.120 Executing VM operation: HandshakeAllThreads (Deoptimize) done

Memory protections (0 events):
No events

Nmethod flushes (0 events):
No events

Events (17 events):
Event: 0.018 Thread 0x0000017ac63b0f40 Thread added: 0x0000017ac63b0f40
Event: 0.027 Thread 0x0000017ac63b0f40 Thread added: 0x0000017ae7a9ef30
Event: 0.028 Thread 0x0000017ac63b0f40 Thread added: 0x0000017ae7a9fd50
Event: 0.028 Thread 0x0000017ac63b0f40 Thread added: 0x0000017ae7aa7090
Event: 0.028 Thread 0x0000017ac63b0f40 Thread added: 0x0000017ae7aaa260
Event: 0.028 Thread 0x0000017ac63b0f40 Thread added: 0x0000017ae7aaacc0
Event: 0.028 Thread 0x0000017ac63b0f40 Thread added: 0x0000017ae7aad730
Event: 0.028 Thread 0x0000017ac63b0f40 Thread added: 0x0000017ae7ac2fd0
Event: 0.028 Thread 0x0000017ac63b0f40 Thread added: 0x0000017ac5130090
Event: 0.045 Thread 0x0000017ac63b0f40 Thread added: 0x0000017ac5215350
Event: 0.058 Thread 0x0000017ac5130090 Thread added: 0x0000017ac52cee60
Event: 0.080 Thread 0x0000017ac63b0f40 Thread added: 0x0000017ac5216700
Event: 0.080 Thread 0x0000017ac63b0f40 Thread added: 0x0000017ac52159e0
Event: 0.149 Thread 0x0000017ac63b0f40 Thread added: 0x0000017ac5216070
Event: 0.150 Thread 0x0000017ac63b0f40 Thread added: 0x0000017ac5214cc0
Event: 0.150 Thread 0x0000017ac63b0f40 Thread added: 0x0000017ac5213910
Event: 0.224 Thread 0x0000017ac52cee60 Thread exited: 0x0000017ac52cee60


Dynamic libraries:
0x00007ff705b80000 - 0x00007ff705b8e000 	C:\Users\bogda\.jdks\openjdk-22.0.2\bin\java.exe
0x00007ffb40f70000 - 0x00007ffb41187000 	C:\WINDOWS\SYSTEM32\ntdll.dll
0x00007ffb3f8c0000 - 0x00007ffb3f984000 	C:\WINDOWS\System32\KERNEL32.DLL
0x00007ffb3e650000 - 0x00007ffb3e9fd000 	C:\WINDOWS\System32\KERNELBASE.dll
0x00007ffb3eb80000 - 0x00007ffb3ec91000 	C:\WINDOWS\System32\ucrtbase.dll
0x00007ffb25720000 - 0x00007ffb25737000 	C:\Users\bogda\.jdks\openjdk-22.0.2\bin\jli.dll
0x00007ffb25700000 - 0x00007ffb2571b000 	C:\Users\bogda\.jdks\openjdk-22.0.2\bin\VCRUNTIME140.dll
0x00007ffb3f4f0000 - 0x00007ffb3f69e000 	C:\WINDOWS\System32\USER32.dll
0x00007ffb3ea00000 - 0x00007ffb3ea26000 	C:\WINDOWS\System32\win32u.dll
0x00007ffb3f890000 - 0x00007ffb3f8b9000 	C:\WINDOWS\System32\GDI32.dll
0x00007ffb31510000 - 0x00007ffb317a3000 	C:\WINDOWS\WinSxS\amd64_microsoft.windows.common-controls_6595b64144ccf1df_6.0.22621.3672_none_2713b9d173822955\COMCTL32.dll
0x00007ffb3e530000 - 0x00007ffb3e649000 	C:\WINDOWS\System32\gdi32full.dll
0x00007ffb406f0000 - 0x00007ffb40797000 	C:\WINDOWS\System32\msvcrt.dll
0x00007ffb3eae0000 - 0x00007ffb3eb7a000 	C:\WINDOWS\System32\msvcp_win.dll
0x00007ffb3f2f0000 - 0x00007ffb3f321000 	C:\WINDOWS\System32\IMM32.DLL
0x00007ffb27a70000 - 0x00007ffb27a7c000 	C:\Users\bogda\.jdks\openjdk-22.0.2\bin\vcruntime140_1.dll
0x00007ffadc3e0000 - 0x00007ffadc46e000 	C:\Users\bogda\.jdks\openjdk-22.0.2\bin\msvcp140.dll
0x00007ffa69f00000 - 0x00007ffa6ac49000 	C:\Users\bogda\.jdks\openjdk-22.0.2\bin\server\jvm.dll
0x00007ffb40990000 - 0x00007ffb40a42000 	C:\WINDOWS\System32\ADVAPI32.dll
0x00007ffb3fa70000 - 0x00007ffb3fb19000 	C:\WINDOWS\System32\sechost.dll
0x00007ffb3ea30000 - 0x00007ffb3ea58000 	C:\WINDOWS\System32\bcrypt.dll
0x00007ffb3f120000 - 0x00007ffb3f234000 	C:\WINDOWS\System32\RPCRT4.dll
0x00007ffb3f9f0000 - 0x00007ffb3fa61000 	C:\WINDOWS\System32\WS2_32.dll
0x00007ffb3d140000 - 0x00007ffb3d18d000 	C:\WINDOWS\SYSTEM32\POWRPROF.dll
0x00007ffb36ba0000 - 0x00007ffb36bd4000 	C:\WINDOWS\SYSTEM32\WINMM.dll
0x00007ffb36da0000 - 0x00007ffb36daa000 	C:\WINDOWS\SYSTEM32\VERSION.dll
0x00007ffb3d100000 - 0x00007ffb3d113000 	C:\WINDOWS\SYSTEM32\UMPDC.dll
0x00007ffb3d3b0000 - 0x00007ffb3d3c8000 	C:\WINDOWS\SYSTEM32\kernel.appcore.dll
0x00007ffb24ba0000 - 0x00007ffb24baa000 	C:\Users\bogda\.jdks\openjdk-22.0.2\bin\jimage.dll
0x00007ffb27650000 - 0x00007ffb27882000 	C:\WINDOWS\SYSTEM32\DBGHELP.DLL
0x00007ffb3ed90000 - 0x00007ffb3f11d000 	C:\WINDOWS\System32\combase.dll
0x00007ffb3f7a0000 - 0x00007ffb3f877000 	C:\WINDOWS\System32\OLEAUT32.dll
0x00007ffb27530000 - 0x00007ffb27562000 	C:\WINDOWS\SYSTEM32\dbgcore.DLL
0x00007ffb3ea60000 - 0x00007ffb3eadb000 	C:\WINDOWS\System32\bcryptPrimitives.dll
0x00007ffb24b70000 - 0x00007ffb24b7f000 	C:\Users\bogda\.jdks\openjdk-22.0.2\bin\instrument.dll
0x00007ffb24b80000 - 0x00007ffb24b9e000 	C:\Users\bogda\.jdks\openjdk-22.0.2\bin\java.dll
0x00007ffb3fe80000 - 0x00007ffb406e8000 	C:\WINDOWS\System32\SHELL32.dll
0x00007ffb407d0000 - 0x00007ffb40975000 	C:\WINDOWS\System32\ole32.dll
0x00007ffb3c1e0000 - 0x00007ffb3cade000 	C:\WINDOWS\SYSTEM32\windows.storage.dll
0x00007ffb3c0a0000 - 0x00007ffb3c1df000 	C:\WINDOWS\SYSTEM32\wintypes.dll
0x00007ffb3fc80000 - 0x00007ffb3fd79000 	C:\WINDOWS\System32\SHCORE.dll
0x00007ffb3eca0000 - 0x00007ffb3ecfe000 	C:\WINDOWS\System32\shlwapi.dll
0x00007ffb3e1c0000 - 0x00007ffb3e1e1000 	C:\WINDOWS\SYSTEM32\profapi.dll
0x00007ffad11a0000 - 0x00007ffad1277000 	C:\Users\bogda\.jdks\openjdk-22.0.2\bin\jsvml.dll
0x00007ffae23d0000 - 0x00007ffae23e7000 	C:\Users\bogda\.jdks\openjdk-22.0.2\bin\zip.dll
0x00007ffb24b60000 - 0x00007ffb24b70000 	C:\Users\bogda\.jdks\openjdk-22.0.2\bin\net.dll
0x00007ffb3d820000 - 0x00007ffb3d889000 	C:\WINDOWS\system32\mswsock.dll
0x00007ffaf2120000 - 0x00007ffaf2136000 	C:\Users\bogda\.jdks\openjdk-22.0.2\bin\nio.dll
0x00007ffadc340000 - 0x00007ffadc35a000 	F:\ide\IntelliJ IDEA 2023.2.5\bin\breakgen64.dll
0x00007ffb10a80000 - 0x00007ffb10a89000 	C:\Users\bogda\.jdks\openjdk-22.0.2\bin\extnet.dll
0x00007ffaca750000 - 0x00007ffaca8dd000 	C:\Users\bogda\.jdks\openjdk-22.0.2\bin\awt.dll
0x00007ffb3ae30000 - 0x00007ffb3aec7000 	C:\WINDOWS\SYSTEM32\apphelp.dll
0x00007ffb3bc30000 - 0x00007ffb3bc5b000 	C:\WINDOWS\system32\DWMAPI.DLL
0x00007ffb3b810000 - 0x00007ffb3b8c0000 	C:\WINDOWS\system32\uxtheme.dll
0x00007ffab7cf0000 - 0x00007ffab7df0000 	C:\WINDOWS\system32\opengl32.dll
0x00007ffab7cc0000 - 0x00007ffab7ced000 	C:\WINDOWS\SYSTEM32\GLU32.dll
0x00007ffb3b8f0000 - 0x00007ffb3b927000 	C:\WINDOWS\SYSTEM32\dxcore.dll
0x00007ffb3fb20000 - 0x00007ffb3fc7b000 	C:\WINDOWS\System32\MSCTF.dll
0x00007ffb06120000 - 0x00007ffb062c8000 	C:\WINDOWS\system32\d3d9.dll
0x00007ffb30e20000 - 0x00007ffb30f0a000 	C:\WINDOWS\System32\DriverStore\FileRepository\nv_ref_pubwu.inf_amd64_2e7fa54192fe16d0\nvldumdx.dll
0x00007ffb3e300000 - 0x00007ffb3e467000 	C:\WINDOWS\System32\crypt32.dll
0x00007ffb3e290000 - 0x00007ffb3e2fb000 	C:\WINDOWS\System32\WINTRUST.DLL
0x00007ffb3dae0000 - 0x00007ffb3daf2000 	C:\WINDOWS\SYSTEM32\MSASN1.dll
0x00007ffb407a0000 - 0x00007ffb407bf000 	C:\WINDOWS\System32\imagehlp.dll
0x00007ffb3da90000 - 0x00007ffb3daab000 	C:\WINDOWS\SYSTEM32\CRYPTSP.dll
0x00007ffb3d310000 - 0x00007ffb3d345000 	C:\WINDOWS\system32\rsaenh.dll
0x00007ffb3da80000 - 0x00007ffb3da8c000 	C:\WINDOWS\SYSTEM32\CRYPTBASE.dll
0x00007ffab4f10000 - 0x00007ffab60e6000 	C:\WINDOWS\System32\DriverStore\FileRepository\nv_ref_pubwu.inf_amd64_2e7fa54192fe16d0\nvd3dumx.dll
0x00007ffb36be0000 - 0x00007ffb36c29000 	C:\WINDOWS\SYSTEM32\directxdatabasehelper.dll

dbghelp: loaded successfully - version: 4.0.5 - missing functions: none
symbol engine: initialized successfully - sym options: 0x614 - pdb path: .;C:\Users\bogda\.jdks\openjdk-22.0.2\bin;C:\WINDOWS\SYSTEM32;C:\WINDOWS\WinSxS\amd64_microsoft.windows.common-controls_6595b64144ccf1df_6.0.22621.3672_none_2713b9d173822955;C:\Users\bogda\.jdks\openjdk-22.0.2\bin\server;F:\ide\IntelliJ IDEA 2023.2.5\bin;C:\WINDOWS\System32\DriverStore\FileRepository\nv_ref_pubwu.inf_amd64_2e7fa54192fe16d0

VM Arguments:
jvm_args: -javaagent:F:\ide\IntelliJ IDEA 2023.2.5\lib\idea_rt.jar=56464:F:\ide\IntelliJ IDEA 2023.2.5\bin -Dfile.encoding=UTF-8 -Dsun.stdout.encoding=UTF-8 -Dsun.stderr.encoding=UTF-8 
java_command: main.Main
java_class_path (initial): C:\Users\bogda\IdeaProjects\snake game\out\production\snake game
Launcher Type: SUN_STANDARD

[Global flags]
     intx CICompilerCount                          = 4                                         {product} {ergonomic}
     uint ConcGCThreads                            = 3                                         {product} {ergonomic}
     uint G1ConcRefinementThreads                  = 10                                        {product} {ergonomic}
   size_t G1HeapRegionSize                         = 2097152                                   {product} {ergonomic}
   size_t InitialHeapSize                          = 268435456                                 {product} {ergonomic}
   size_t MarkStackSize                            = 4194304                                   {product} {ergonomic}
   size_t MaxHeapSize                              = 4282384384                                {product} {ergonomic}
   size_t MaxNewSize                               = 2569011200                                {product} {ergonomic}
   size_t MinHeapDeltaBytes                        = 2097152                                   {product} {ergonomic}
   size_t MinHeapSize                              = 8388608                                   {product} {ergonomic}
    uintx NonNMethodCodeHeapSize                   = 5839372                                {pd product} {ergonomic}
    uintx NonProfiledCodeHeapSize                  = 122909434                              {pd product} {ergonomic}
     bool PerfDisableSharedMem                     = true                                      {product} {ergonomic}
    uintx ProfiledCodeHeapSize                     = 122909434                              {pd product} {ergonomic}
    uintx ReservedCodeCacheSize                    = 251658240                              {pd product} {ergonomic}
     bool SegmentedCodeCache                       = true                                      {product} {ergonomic}
   size_t SoftMaxHeapSize                          = 4282384384                             {manageable} {ergonomic}
     bool UseCompressedOops                        = true                           {product lp64_product} {ergonomic}
     bool UseG1GC                                  = true                                      {product} {ergonomic}
     bool UseLargePagesIndividualAllocation        = false                                  {pd product} {ergonomic}

Logging:
Log output configuration:
 #0: stdout all=warning uptime,level,tags foldmultilines=false
 #1: stderr all=off uptime,level,tags foldmultilines=false

Environment Variables:
PATH=C:\Program Files (x86)\Common Files\Oracle\Java\java8path;C:\Program Files (x86)\Common Files\Oracle\Java\javapath;C:\WINDOWS\system32;C:\WINDOWS;C:\WINDOWS\System32\Wbem;C:\WINDOWS\System32\WindowsPowerShell\v1.0\;C:\WINDOWS\System32\OpenSSH\;C:\Program Files\Git\cmd;C:\Program Files\Neovim\bin;C:\Users\bogda\.console-ninja\.bin;C:\Users\bogda\AppData\Local\Microsoft\WindowsApps;C:\Users\bogda\AppData\Local\Programs\Microsoft VS Code\bin;C:\msys64\ucrt64\bin;
USERNAME=bogda
OS=Windows_NT
PROCESSOR_IDENTIFIER=AMD64 Family 23 Model 113 Stepping 0, AuthenticAMD
TMP=C:\Users\bogda\AppData\Local\Temp
TEMP=C:\Users\bogda\AppData\Local\Temp




Periodic native trim disabled

---------------  S Y S T E M  ---------------

OS:
 Windows 11 , 64 bit Build 22621 (10.0.22621.3958)
OS uptime: 0 days 5:05 hours

CPU: total 12 (initial active 12) (12 cores per cpu, 2 threads per core) family 23 model 113 stepping 0 microcode 0x0, cx8, cmov, fxsr, ht, mmx, 3dnowpref, sse, sse2, sse3, ssse3, sse4a, sse4.1, sse4.2, popcnt, lzcnt, tsc, tscinvbit, avx, avx2, aes, clmul, bmi1, bmi2, adx, sha, fma, vzeroupper, clflush, clflushopt, rdtscp, rdpid, f16c
Processor Information for all 12 processors :
  Max Mhz: 3593, Current Mhz: 3593, Mhz Limit: 3593

Memory: 4k page, system-wide physical 16334M (2558M free)
TotalPageFile size 30450M (AvailPageFile size 358M)
current process WorkingSet (physical memory assigned to process): 59M, peak: 59M
current process commit charge ("private bytes"): 359M, peak: 359M

vm_info: OpenJDK 64-Bit Server VM (22.0.2+9-70) for windows-amd64 JRE (22.0.2+9-70), built on 2024-06-04T16:52:23Z by "mach5one" with MS VC++ 17.6 (VS2022)

END.
