#
# There is insufficient memory for the Java Runtime Environment to continue.
# Native memory allocation (mmap) failed to map 268435456 bytes. Error detail: G1 virtual space
# Possible reasons:
#   The system is out of physical RAM or swap space
#   This process is running with CompressedOops enabled, and the Java Heap may be blocking the growth of the native heap
# Possible solutions:
#   Reduce memory load on the system
#   Increase physical memory or swap space
#   Check if swap backing store is full
#   Decrease Java heap size (-Xmx/-Xms)
#   Decrease number of Java threads
#   Decrease Java thread stack sizes (-Xss)
#   Set larger code cache with -XX:ReservedCodeCacheSize=
#   JVM is running with Zero Based Compressed Oops mode in which the Java heap is
#     placed in the first 32GB address space. The Java Heap base address is the
#     maximum limit for the native heap growth. Please use -XX:HeapBaseMinAddress
#     to set the Java Heap base and to place the Java Heap above 32GB virtual address.
# This output file may be truncated or incomplete.
#
#  Out of Memory Error (os_windows.cpp:3631), pid=24712, tid=23936
#
# JRE version:  (22.0.2+9) (build )
# Java VM: OpenJDK 64-Bit Server VM (22.0.2+9-70, mixed mode, sharing, tiered, compressed oops, compressed class ptrs, g1 gc, windows-amd64)
# No core dump will be written. Minidumps are not enabled by default on client versions of Windows
#

---------------  S U M M A R Y ------------

Command Line: -javaagent:F:\ide\IntelliJ IDEA 2023.2.5\lib\idea_rt.jar=53124:F:\ide\IntelliJ IDEA 2023.2.5\bin -Dfile.encoding=UTF-8 -Dsun.stdout.encoding=UTF-8 -Dsun.stderr.encoding=UTF-8 main.Main

Host: AMD Ryzen 5 3600 6-Core Processor              , 12 cores, 15G,  Windows 11 , 64 bit Build 22621 (10.0.22621.3958)
Time: Sun Sep  1 02:15:47 2024 FLE Daylight Time elapsed time: 0.027362 seconds (0d 0h 0m 0s)

---------------  T H R E A D  ---------------

Current thread (0x000002b94a6da240):  JavaThread "Unknown thread" [_thread_in_vm, id=23936, stack(0x000000c15df00000,0x000000c15e000000) (1024K)]

Stack: [0x000000c15df00000,0x000000c15e000000]
Native frames: (J=compiled Java code, j=interpreted, Vv=VM code, C=native code)
V  [jvm.dll+0x6e26e9]  (no source info available)
V  [jvm.dll+0x875753]  (no source info available)
V  [jvm.dll+0x877b7e]  (no source info available)
V  [jvm.dll+0x878253]  (no source info available)
V  [jvm.dll+0x27fc86]  (no source info available)
V  [jvm.dll+0x6ded85]  (no source info available)
V  [jvm.dll+0x6d388a]  (no source info available)
V  [jvm.dll+0x358b8a]  (no source info available)
V  [jvm.dll+0x3610b6]  (no source info available)
V  [jvm.dll+0x3b419e]  (no source info available)
V  [jvm.dll+0x3b4448]  (no source info available)
V  [jvm.dll+0x32c5ec]  (no source info available)
V  [jvm.dll+0x32d258]  (no source info available)
V  [jvm.dll+0x83d5ac]  (no source info available)
V  [jvm.dll+0x3c10d1]  (no source info available)
V  [jvm.dll+0x8264cc]  (no source info available)
V  [jvm.dll+0x45bd5e]  (no source info available)
V  [jvm.dll+0x45dbe1]  (no source info available)
C  [jli.dll+0x52a3]  (no source info available)
C  [ucrtbase.dll+0x29333]  (no source info available)
C  [KERNEL32.DLL+0x1257d]  (no source info available)
C  [ntdll.dll+0x5af28]  (no source info available)


---------------  P R O C E S S  ---------------

Threads class SMR info:
_java_thread_list=0x00007ffd52ecc1c8, length=0, elements={
}

Java Threads: ( => current thread )
Total: 0

Other Threads:
  0x000002b94a742540 WorkerThread "GC Thread#0"                     [id=5912, stack(0x000000c15e000000,0x000000c15e100000) (1024K)]
  0x000002b94a753470 ConcurrentGCThread "G1 Main Marker"            [id=4708, stack(0x000000c15e100000,0x000000c15e200000) (1024K)]
  0x000002b94a754130 WorkerThread "G1 Conc#0"                       [id=22240, stack(0x000000c15e200000,0x000000c15e300000) (1024K)]

[error occurred during error reporting (printing all threads), id 0xc0000005, EXCEPTION_ACCESS_VIOLATION (0xc0000005) at pc=0x00007ffd5261f517]
VM state: not at safepoint (not fully initialized)

VM Mutex/Monitor currently owned by a thread:  ([mutex/lock_event])
[0x00007ffd52f4cc80] Heap_lock - owner thread: 0x000002b94a6da240

Heap address: 0x0000000700c00000, size: 4084 MB, Compressed Oops mode: Zero based, Oop shift amount: 3

CDS archive(s) mapped at: [0x0000000000000000-0x0000000000000000-0x0000000000000000), size 0, SharedBaseAddress: 0x0000000800000000, ArchiveRelocationMode: 1.
Narrow klass base: 0x0000000000000000, Narrow klass shift: 0, Narrow klass range: 0x0

GC Precious Log:
 CardTable entry size: 512
 Card Set container configuration: InlinePtr #cards 4 size 8 Array Of Cards #cards 16 size 48 Howl #buckets 8 coarsen threshold 3686 Howl Bitmap #cards 512 size 80 coarsen threshold 460 Card regions per heap region 1 cards per card region 4096

Heap:
 garbage-first heap   total reserved 4182016K, committed 0K, used 0K [0x0000000700c00000, 0x0000000800000000)
  region size 2048K, 0 young (0K), 0 survivors (0K)

[error occurred during error reporting (printing heap information), id 0xc0000005, EXCEPTION_ACCESS_VIOLATION (0xc0000005) at pc=0x00007ffd52a1e869]
GC Heap History (0 events):
No events

Dll operation events (1 events):
Event: 0.024 Loaded shared library C:\Users\bogda\.jdks\openjdk-22.0.2\bin\java.dll

Deoptimization events (0 events):
No events

Classes loaded (0 events):
No events

Classes unloaded (0 events):
No events

Classes redefined (0 events):
No events

Internal exceptions (0 events):
No events

ZGC Phase Switch (0 events):
No events

VM Operations (0 events):
No events

Memory protections (0 events):
No events

Nmethod flushes (0 events):
No events

Events (0 events):
No events


Dynamic libraries:
0x00007ff773cd0000 - 0x00007ff773cde000 	C:\Users\bogda\.jdks\openjdk-22.0.2\bin\java.exe
0x00007ffe0ec30000 - 0x00007ffe0ee47000 	C:\WINDOWS\SYSTEM32\ntdll.dll
0x00007ffe0d890000 - 0x00007ffe0d954000 	C:\WINDOWS\System32\KERNEL32.DLL
0x00007ffe0c110000 - 0x00007ffe0c4bd000 	C:\WINDOWS\System32\KERNELBASE.dll
0x00007ffe0c750000 - 0x00007ffe0c861000 	C:\WINDOWS\System32\ucrtbase.dll
0x00007ffe056f0000 - 0x00007ffe0570b000 	C:\Users\bogda\.jdks\openjdk-22.0.2\bin\VCRUNTIME140.dll
0x00007ffe08960000 - 0x00007ffe08977000 	C:\Users\bogda\.jdks\openjdk-22.0.2\bin\jli.dll
0x00007ffe0d9e0000 - 0x00007ffe0db8e000 	C:\WINDOWS\System32\USER32.dll
0x00007ffe0bf50000 - 0x00007ffe0bf76000 	C:\WINDOWS\System32\win32u.dll
0x00007ffe0d730000 - 0x00007ffe0d759000 	C:\WINDOWS\System32\GDI32.dll
0x00007ffdff2e0000 - 0x00007ffdff573000 	C:\WINDOWS\WinSxS\amd64_microsoft.windows.common-controls_6595b64144ccf1df_6.0.22621.3672_none_2713b9d173822955\COMCTL32.dll
0x00007ffe0c4c0000 - 0x00007ffe0c5d9000 	C:\WINDOWS\System32\gdi32full.dll
0x00007ffe0e980000 - 0x00007ffe0ea27000 	C:\WINDOWS\System32\msvcrt.dll
0x00007ffe0c070000 - 0x00007ffe0c10a000 	C:\WINDOWS\System32\msvcp_win.dll
0x00007ffe0d850000 - 0x00007ffe0d881000 	C:\WINDOWS\System32\IMM32.DLL
0x00007ffe08950000 - 0x00007ffe0895c000 	C:\Users\bogda\.jdks\openjdk-22.0.2\bin\vcruntime140_1.dll
0x00007ffdf6ef0000 - 0x00007ffdf6f7e000 	C:\Users\bogda\.jdks\openjdk-22.0.2\bin\msvcp140.dll
0x00007ffd522e0000 - 0x00007ffd53029000 	C:\Users\bogda\.jdks\openjdk-22.0.2\bin\server\jvm.dll
0x00007ffe0c960000 - 0x00007ffe0ca12000 	C:\WINDOWS\System32\ADVAPI32.dll
0x00007ffe0dcf0000 - 0x00007ffe0dd99000 	C:\WINDOWS\System32\sechost.dll
0x00007ffe0c040000 - 0x00007ffe0c068000 	C:\WINDOWS\System32\bcrypt.dll
0x00007ffe0e610000 - 0x00007ffe0e724000 	C:\WINDOWS\System32\RPCRT4.dll
0x00007ffe0d960000 - 0x00007ffe0d9d1000 	C:\WINDOWS\System32\WS2_32.dll
0x00007ffe0ae80000 - 0x00007ffe0aecd000 	C:\WINDOWS\SYSTEM32\POWRPROF.dll
0x00007ffe04550000 - 0x00007ffe04584000 	C:\WINDOWS\SYSTEM32\WINMM.dll
0x00007ffe04830000 - 0x00007ffe0483a000 	C:\WINDOWS\SYSTEM32\VERSION.dll
0x00007ffe0ade0000 - 0x00007ffe0adf3000 	C:\WINDOWS\SYSTEM32\UMPDC.dll
0x00007ffe0b070000 - 0x00007ffe0b088000 	C:\WINDOWS\SYSTEM32\kernel.appcore.dll
0x00007ffe08840000 - 0x00007ffe0884a000 	C:\Users\bogda\.jdks\openjdk-22.0.2\bin\jimage.dll
0x00007ffdf5670000 - 0x00007ffdf58a2000 	C:\WINDOWS\SYSTEM32\DBGHELP.DLL
0x00007ffe0cab0000 - 0x00007ffe0ce3d000 	C:\WINDOWS\System32\combase.dll
0x00007ffe0d760000 - 0x00007ffe0d837000 	C:\WINDOWS\System32\OLEAUT32.dll
0x00007ffdf54b0000 - 0x00007ffdf54e2000 	C:\WINDOWS\SYSTEM32\dbgcore.DLL
0x00007ffe0c8e0000 - 0x00007ffe0c95b000 	C:\WINDOWS\System32\bcryptPrimitives.dll
0x00007ffe052c0000 - 0x00007ffe052cf000 	C:\Users\bogda\.jdks\openjdk-22.0.2\bin\instrument.dll
0x00007ffe056a0000 - 0x00007ffe056be000 	C:\Users\bogda\.jdks\openjdk-22.0.2\bin\java.dll
0x00007ffe0dda0000 - 0x00007ffe0e608000 	C:\WINDOWS\System32\SHELL32.dll
0x00007ffe0cf50000 - 0x00007ffe0d0f5000 	C:\WINDOWS\System32\ole32.dll

dbghelp: loaded successfully - version: 4.0.5 - missing functions: none
symbol engine: initialized successfully - sym options: 0x614 - pdb path: .;C:\Users\bogda\.jdks\openjdk-22.0.2\bin;C:\WINDOWS\SYSTEM32;C:\WINDOWS\WinSxS\amd64_microsoft.windows.common-controls_6595b64144ccf1df_6.0.22621.3672_none_2713b9d173822955;C:\Users\bogda\.jdks\openjdk-22.0.2\bin\server

VM Arguments:
jvm_args: -javaagent:F:\ide\IntelliJ IDEA 2023.2.5\lib\idea_rt.jar=53124:F:\ide\IntelliJ IDEA 2023.2.5\bin -Dfile.encoding=UTF-8 -Dsun.stdout.encoding=UTF-8 -Dsun.stderr.encoding=UTF-8 
java_command: main.Main
java_class_path (initial): C:\Users\bogda\IdeaProjects\snake game\out\production\snake game;C:\Users\bogda\.m2\repository\junit\junit\4.13.2\junit-4.13.2.jar;C:\Users\bogda\.m2\repository\org\hamcrest\hamcrest-core\1.3\hamcrest-core-1.3.jar;C:\Users\bogda\IdeaProjects\snake game\lib\junit-jupiter-5.8.1.jar;C:\Users\bogda\IdeaProjects\snake game\lib\junit-jupiter-api-5.8.1.jar;C:\Users\bogda\IdeaProjects\snake game\lib\opentest4j-1.2.0.jar;C:\Users\bogda\IdeaProjects\snake game\lib\junit-platform-commons-1.8.1.jar;C:\Users\bogda\IdeaProjects\snake game\lib\apiguardian-api-1.1.2.jar;C:\Users\bogda\IdeaProjects\snake game\lib\junit-jupiter-params-5.8.1.jar;C:\Users\bogda\IdeaProjects\snake game\lib\junit-jupiter-engine-5.8.1.jar;C:\Users\bogda\IdeaProjects\snake game\lib\junit-platform-engine-1.8.1.jar
Launcher Type: SUN_STANDARD

[Global flags]
     intx CICompilerCount                          = 4                                         {product} {ergonomic}
     uint ConcGCThreads                            = 3                                         {product} {ergonomic}
     uint G1ConcRefinementThreads                  = 10                                        {product} {ergonomic}
   size_t G1HeapRegionSize                         = 2097152                                   {product} {ergonomic}
   size_t InitialHeapSize                          = 268435456                                 {product} {ergonomic}
   size_t MarkStackSize                            = 4194304                                   {product} {ergonomic}
   size_t MaxHeapSize                              = 4282384384                                {product} {ergonomic}
   size_t MinHeapDeltaBytes                        = 2097152                                   {product} {ergonomic}
   size_t MinHeapSize                              = 8388608                                   {product} {ergonomic}
    uintx NonNMethodCodeHeapSize                   = 5839372                                {pd product} {ergonomic}
    uintx NonProfiledCodeHeapSize                  = 122909434                              {pd product} {ergonomic}
     bool PerfDisableSharedMem                     = true                                      {product} {ergonomic}
    uintx ProfiledCodeHeapSize                     = 122909434                              {pd product} {ergonomic}
    uintx ReservedCodeCacheSize                    = 251658240                              {pd product} {ergonomic}
     bool SegmentedCodeCache                       = true                                      {product} {ergonomic}
   size_t SoftMaxHeapSize                          = 4282384384                             {manageable} {ergonomic}
     bool UseCompressedOops                        = true                           {product lp64_product} {ergonomic}
     bool UseG1GC                                  = true                                      {product} {ergonomic}
     bool UseLargePagesIndividualAllocation        = false                                  {pd product} {ergonomic}

Logging:
Log output configuration:
 #0: stdout all=warning uptime,level,tags foldmultilines=false
 #1: stderr all=off uptime,level,tags foldmultilines=false

Environment Variables:
PATH=C:\Program Files (x86)\Common Files\Oracle\Java\java8path;C:\Program Files (x86)\Common Files\Oracle\Java\javapath;C:\WINDOWS\system32;C:\WINDOWS;C:\WINDOWS\System32\Wbem;C:\WINDOWS\System32\WindowsPowerShell\v1.0\;C:\WINDOWS\System32\OpenSSH\;C:\Program Files\Git\cmd;C:\Program Files\Neovim\bin;C:\Users\bogda\.console-ninja\.bin;C:\Users\bogda\AppData\Local\Microsoft\WindowsApps;C:\Users\bogda\AppData\Local\Programs\Microsoft VS Code\bin;C:\msys64\ucrt64\bin;
USERNAME=bogda
OS=Windows_NT
PROCESSOR_IDENTIFIER=AMD64 Family 23 Model 113 Stepping 0, AuthenticAMD
TMP=C:\Users\bogda\AppData\Local\Temp
TEMP=C:\Users\bogda\AppData\Local\Temp




Periodic native trim disabled

---------------  S Y S T E M  ---------------

OS:
 Windows 11 , 64 bit Build 22621 (10.0.22621.3958)
OS uptime: 0 days 4:00 hours

CPU: total 12 (initial active 12) (12 cores per cpu, 2 threads per core) family 23 model 113 stepping 0 microcode 0x0, cx8, cmov, fxsr, ht, mmx, 3dnowpref, sse, sse2, sse3, ssse3, sse4a, sse4.1, sse4.2, popcnt, lzcnt, tsc, tscinvbit, avx, avx2, aes, clmul, bmi1, bmi2, adx, sha, fma, vzeroupper, clflush, clflushopt, rdtscp, rdpid, f16c
Processor Information for all 12 processors :
  Max Mhz: 3593, Current Mhz: 3593, Mhz Limit: 3593

Memory: 4k page, system-wide physical 16334M (637M free)
TotalPageFile size 22478M (AvailPageFile size 186M)
current process WorkingSet (physical memory assigned to process): 12M, peak: 12M
current process commit charge ("private bytes"): 65M, peak: 320M

vm_info: OpenJDK 64-Bit Server VM (22.0.2+9-70) for windows-amd64 JRE (22.0.2+9-70), built on 2024-06-04T16:52:23Z by "mach5one" with MS VC++ 17.6 (VS2022)

END.
